<?xml version="1.0" encoding="UTF-8"?>
<coverage generated="1641846571144" clover="3.2.0">
  <project timestamp="1641846571144" name="All files">
    <metrics statements="28" coveredstatements="19" conditionals="2" coveredconditionals="1" methods="11" coveredmethods="6" elements="41" coveredelements="26" complexity="0" loc="28" ncloc="28" packages="5" files="6" classes="6"/>
    <package name="components.App">
      <metrics statements="2" coveredstatements="2" conditionals="0" coveredconditionals="0" methods="2" coveredmethods="2"/>
      <file name="App.component.jsx" path="/Users/jesus.martinez/Documents/react_apprenticeship/react-apprenticeship-capstone1/src/components/App/App.component.jsx">
        <metrics statements="2" coveredstatements="2" conditionals="0" coveredconditionals="0" methods="2" coveredmethods="2"/>
        <line num="17" count="1" type="stmt"/>
        <line num="35" count="1" type="stmt"/>
      </file>
    </package>
    <package name="components.Fortune">
      <metrics statements="1" coveredstatements="1" conditionals="0" coveredconditionals="0" methods="1" coveredmethods="1"/>
      <file name="Fortune.component.jsx" path="/Users/jesus.martinez/Documents/react_apprenticeship/react-apprenticeship-capstone1/src/components/Fortune/Fortune.component.jsx">
        <metrics statements="1" coveredstatements="1" conditionals="0" coveredconditionals="0" methods="1" coveredmethods="1"/>
        <line num="10" count="1" type="stmt"/>
      </file>
    </package>
    <package name="components.Layout">
      <metrics statements="1" coveredstatements="1" conditionals="0" coveredconditionals="0" methods="1" coveredmethods="1"/>
      <file name="Layout.component.jsx" path="/Users/jesus.martinez/Documents/react_apprenticeship/react-apprenticeship-capstone1/src/components/Layout/Layout.component.jsx">
        <metrics statements="1" coveredstatements="1" conditionals="0" coveredconditionals="0" methods="1" coveredmethods="1"/>
        <line num="12" count="1" type="stmt"/>
      </file>
    </package>
    <package name="components.VideoCard">
      <metrics statements="5" coveredstatements="5" conditionals="0" coveredconditionals="0" methods="1" coveredmethods="1"/>
      <file name="VideoCard.component.jsx" path="/Users/jesus.martinez/Documents/react_apprenticeship/react-apprenticeship-capstone1/src/components/VideoCard/VideoCard.component.jsx">
        <metrics statements="5" coveredstatements="5" conditionals="0" coveredconditionals="0" methods="1" coveredmethods="1"/>
        <line num="5" count="3" type="stmt"/>
        <line num="9" count="3" type="stmt"/>
        <line num="29" count="3" type="stmt"/>
        <line num="33" count="3" type="stmt"/>
        <line num="58" count="2" type="stmt"/>
      </file>
      <file name="index.js" path="/Users/jesus.martinez/Documents/react_apprenticeship/react-apprenticeship-capstone1/src/components/VideoCard/index.js">
        <metrics statements="0" coveredstatements="0" conditionals="0" coveredconditionals="0" methods="0" coveredmethods="0"/>
      </file>
    </package>
    <package name="pages.Home">
      <metrics statements="19" coveredstatements="10" conditionals="2" coveredconditionals="1" methods="6" coveredmethods="1"/>
      <file name="Home.page.jsx" path="/Users/jesus.martinez/Documents/react_apprenticeship/react-apprenticeship-capstone1/src/pages/Home/Home.page.jsx">
        <metrics statements="19" coveredstatements="10" conditionals="2" coveredconditionals="1" methods="6" coveredmethods="1"/>
        <line num="13" count="3" type="stmt"/>
        <line num="14" count="3" type="stmt"/>
        <line num="15" count="3" type="stmt"/>
        <line num="16" count="3" type="stmt"/>
        <line num="17" count="1" type="stmt"/>
        <line num="19" count="1" type="stmt"/>
        <line num="20" count="1" type="stmt"/>
        <line num="21" count="1" type="stmt"/>
        <line num="23" count="1" type="stmt"/>
        <line num="25" count="0" type="stmt"/>
        <line num="26" count="0" type="stmt"/>
        <line num="29" count="0" type="stmt"/>
        <line num="30" count="0" type="stmt"/>
        <line num="34" count="0" type="stmt"/>
        <line num="39" count="0" type="stmt"/>
        <line num="40" count="0" type="stmt"/>
        <line num="41" count="0" type="stmt"/>
        <line num="44" count="1" type="stmt"/>
        <line num="53" count="0" type="stmt"/>
      </file>
    </package>
  </project>
</coverage>
