{"/Users/jesus.martinez/Documents/react_apprenticeship/react-apprenticeship-capstone1/src/index.js": {"path":"/Users/jesus.martinez/Documents/react_apprenticeship/react-apprenticeship-capstone1/src/index.js","statementMap":{"0":{"start":{"line":7,"column":0},"end":{"line":12,"column":2}}},"fnMap":{},"branchMap":{},"s":{"0":0},"f":{},"b":{},"hash":"9af17f8e6508ede398bcbe53f4eed6e2fd42effa"}
,"/Users/jesus.martinez/Documents/react_apprenticeship/react-apprenticeship-capstone1/src/components/App/App.component.jsx": {"path":"/Users/jesus.martinez/Documents/react_apprenticeship/react-apprenticeship-capstone1/src/components/App/App.component.jsx","statementMap":{"0":{"start":{"line":20,"column":2},"end":{"line":36,"column":9}},"1":{"start":{"line":38,"column":25},"end":{"line":38,"column":48}},"2":{"start":{"line":39,"column":30},"end":{"line":39,"column":67}},"3":{"start":{"line":40,"column":28},"end":{"line":40,"column":64}},"4":{"start":{"line":42,"column":2},"end":{"line":84,"column":4}}},"fnMap":{"0":{"name":"App","decl":{"start":{"line":19,"column":9},"end":{"line":19,"column":12}},"loc":{"start":{"line":19,"column":15},"end":{"line":85,"column":1}},"line":19},"1":{"name":"(anonymous_1)","decl":{"start":{"line":20,"column":18},"end":{"line":20,"column":19}},"loc":{"start":{"line":20,"column":24},"end":{"line":36,"column":3}},"line":20}},"branchMap":{},"s":{"0":1,"1":1,"2":1,"3":1,"4":1},"f":{"0":1,"1":1},"b":{},"_coverageSchema":"43e27e138ebf9cfc5966b082cf9a028302ed4184","hash":"dcb1aeb7aaebcd2ee53c7f9e04a37eba714af266"}
,"/Users/jesus.martinez/Documents/react_apprenticeship/react-apprenticeship-capstone1/src/components/App/index.js": {"path":"/Users/jesus.martinez/Documents/react_apprenticeship/react-apprenticeship-capstone1/src/components/App/index.js","statementMap":{},"fnMap":{},"branchMap":{},"s":{},"f":{},"b":{},"hash":"c4fc62f4834369bff6889eaac2d52ff4220d273b"}
,"/Users/jesus.martinez/Documents/react_apprenticeship/react-apprenticeship-capstone1/src/components/Fortune/Fortune.component.jsx": {"path":"/Users/jesus.martinez/Documents/react_apprenticeship/react-apprenticeship-capstone1/src/components/Fortune/Fortune.component.jsx","statementMap":{"0":{"start":{"line":10,"column":2},"end":{"line":10,"column":21}}},"fnMap":{"0":{"name":"Fortune","decl":{"start":{"line":6,"column":9},"end":{"line":6,"column":16}},"loc":{"start":{"line":6,"column":19},"end":{"line":11,"column":1}},"line":6}},"branchMap":{},"s":{"0":1},"f":{"0":1},"b":{},"_coverageSchema":"43e27e138ebf9cfc5966b082cf9a028302ed4184","hash":"868c0866723cc78197a58dbd0cebce3df3d71409"}
,"/Users/jesus.martinez/Documents/react_apprenticeship/react-apprenticeship-capstone1/src/components/Fortune/index.js": {"path":"/Users/jesus.martinez/Documents/react_apprenticeship/react-apprenticeship-capstone1/src/components/Fortune/index.js","statementMap":{},"fnMap":{},"branchMap":{},"s":{},"f":{},"b":{},"_coverageSchema":"43e27e138ebf9cfc5966b082cf9a028302ed4184","hash":"375c7228c9f5f0d7973a7e9ea169db0a0611c42e"}
,"/Users/jesus.martinez/Documents/react_apprenticeship/react-apprenticeship-capstone1/src/components/Layout/Layout.component.jsx": {"path":"/Users/jesus.martinez/Documents/react_apprenticeship/react-apprenticeship-capstone1/src/components/Layout/Layout.component.jsx","statementMap":{"0":{"start":{"line":19,"column":36},"end":{"line":19,"column":45}},"1":{"start":{"line":20,"column":25},"end":{"line":20,"column":48}},"2":{"start":{"line":21,"column":18},"end":{"line":21,"column":30}},"3":{"start":{"line":22,"column":46},"end":{"line":22,"column":61}},"4":{"start":{"line":23,"column":18},"end":{"line":23,"column":38}},"5":{"start":{"line":26,"column":4},"end":{"line":26,"column":27}},"6":{"start":{"line":28,"column":4},"end":{"line":28,"column":56}},"7":{"start":{"line":31,"column":2},"end":{"line":153,"column":4}},"8":{"start":{"line":42,"column":31},"end":{"line":42,"column":65}},"9":{"start":{"line":78,"column":31},"end":{"line":78,"column":64}},"10":{"start":{"line":94,"column":50},"end":{"line":94,"column":58}},"11":{"start":{"line":98,"column":50},"end":{"line":98,"column":72}},"12":{"start":{"line":115,"column":31},"end":{"line":115,"column":48}},"13":{"start":{"line":125,"column":35},"end":{"line":125,"column":62}}},"fnMap":{"0":{"name":"Layout","decl":{"start":{"line":18,"column":9},"end":{"line":18,"column":15}},"loc":{"start":{"line":18,"column":30},"end":{"line":154,"column":1}},"line":18},"1":{"name":"handleSearchSubmit","decl":{"start":{"line":25,"column":11},"end":{"line":25,"column":29}},"loc":{"start":{"line":25,"column":37},"end":{"line":29,"column":3}},"line":25},"2":{"name":"(anonymous_2)","decl":{"start":{"line":42,"column":25},"end":{"line":42,"column":26}},"loc":{"start":{"line":42,"column":31},"end":{"line":42,"column":65}},"line":42},"3":{"name":"(anonymous_3)","decl":{"start":{"line":78,"column":25},"end":{"line":78,"column":26}},"loc":{"start":{"line":78,"column":31},"end":{"line":78,"column":64}},"line":78},"4":{"name":"(anonymous_4)","decl":{"start":{"line":94,"column":44},"end":{"line":94,"column":45}},"loc":{"start":{"line":94,"column":50},"end":{"line":94,"column":58}},"line":94},"5":{"name":"(anonymous_5)","decl":{"start":{"line":98,"column":44},"end":{"line":98,"column":45}},"loc":{"start":{"line":98,"column":50},"end":{"line":98,"column":72}},"line":98},"6":{"name":"(anonymous_6)","decl":{"start":{"line":115,"column":25},"end":{"line":115,"column":26}},"loc":{"start":{"line":115,"column":31},"end":{"line":115,"column":48}},"line":115},"7":{"name":"(anonymous_7)","decl":{"start":{"line":125,"column":29},"end":{"line":125,"column":30}},"loc":{"start":{"line":125,"column":35},"end":{"line":125,"column":62}},"line":125}},"branchMap":{"0":{"loc":{"start":{"line":34,"column":17},"end":{"line":34,"column":70}},"type":"cond-expr","locations":[{"start":{"line":34,"column":34},"end":{"line":34,"column":51}},{"start":{"line":34,"column":54},"end":{"line":34,"column":70}}],"line":34},"1":{"loc":{"start":{"line":36,"column":34},"end":{"line":36,"column":75}},"type":"cond-expr","locations":[{"start":{"line":36,"column":44},"end":{"line":36,"column":56}},{"start":{"line":36,"column":59},"end":{"line":36,"column":75}}],"line":36},"2":{"loc":{"start":{"line":41,"column":27},"end":{"line":41,"column":68}},"type":"cond-expr","locations":[{"start":{"line":41,"column":37},"end":{"line":41,"column":49}},{"start":{"line":41,"column":52},"end":{"line":41,"column":68}}],"line":41},"3":{"loc":{"start":{"line":50,"column":29},"end":{"line":50,"column":70}},"type":"cond-expr","locations":[{"start":{"line":50,"column":39},"end":{"line":50,"column":51}},{"start":{"line":50,"column":54},"end":{"line":50,"column":70}}],"line":50},"4":{"loc":{"start":{"line":76,"column":18},"end":{"line":76,"column":59}},"type":"cond-expr","locations":[{"start":{"line":76,"column":28},"end":{"line":76,"column":40}},{"start":{"line":76,"column":43},"end":{"line":76,"column":59}}],"line":76},"5":{"loc":{"start":{"line":93,"column":19},"end":{"line":101,"column":19}},"type":"cond-expr","locations":[{"start":{"line":94,"column":20},"end":{"line":96,"column":36}},{"start":{"line":98,"column":20},"end":{"line":100,"column":36}}],"line":93},"6":{"loc":{"start":{"line":108,"column":7},"end":{"line":144,"column":14}},"type":"cond-expr","locations":[{"start":{"line":109,"column":8},"end":{"line":143,"column":14}},{"start":{"line":144,"column":10},"end":{"line":144,"column":14}}],"line":108},"7":{"loc":{"start":{"line":109,"column":37},"end":{"line":109,"column":78}},"type":"cond-expr","locations":[{"start":{"line":109,"column":47},"end":{"line":109,"column":59}},{"start":{"line":109,"column":62},"end":{"line":109,"column":78}}],"line":109},"8":{"loc":{"start":{"line":120,"column":13},"end":{"line":131,"column":20}},"type":"cond-expr","locations":[{"start":{"line":121,"column":14},"end":{"line":130,"column":20}},{"start":{"line":131,"column":16},"end":{"line":131,"column":20}}],"line":120},"9":{"loc":{"start":{"line":147,"column":10},"end":{"line":147,"column":51}},"type":"cond-expr","locations":[{"start":{"line":147,"column":20},"end":{"line":147,"column":32}},{"start":{"line":147,"column":35},"end":{"line":147,"column":51}}],"line":147}},"s":{"0":6,"1":6,"2":6,"3":6,"4":6,"5":0,"6":0,"7":6,"8":0,"9":0,"10":0,"11":0,"12":0,"13":0},"f":{"0":6,"1":0,"2":0,"3":0,"4":0,"5":0,"6":0,"7":0},"b":{"0":[0,6],"1":[6,0],"2":[6,0],"3":[6,0],"4":[6,0],"5":[0,6],"6":[0,6],"7":[0,0],"8":[0,0],"9":[6,0]},"_coverageSchema":"43e27e138ebf9cfc5966b082cf9a028302ed4184","hash":"1b726cbfe75e3291b6e1e8660bdf5469446e6dfe"}
,"/Users/jesus.martinez/Documents/react_apprenticeship/react-apprenticeship-capstone1/src/components/Layout/index.js": {"path":"/Users/jesus.martinez/Documents/react_apprenticeship/react-apprenticeship-capstone1/src/components/Layout/index.js","statementMap":{},"fnMap":{},"branchMap":{},"s":{},"f":{},"b":{},"_coverageSchema":"43e27e138ebf9cfc5966b082cf9a028302ed4184","hash":"fced49f382da75f9e91b19f03d3227093950a026"}
,"/Users/jesus.martinez/Documents/react_apprenticeship/react-apprenticeship-capstone1/src/components/PrivateRoute/PrivateRoute.jsx": {"path":"/Users/jesus.martinez/Documents/react_apprenticeship/react-apprenticeship-capstone1/src/components/PrivateRoute/PrivateRoute.jsx","statementMap":{"0":{"start":{"line":5,"column":21},"end":{"line":17,"column":1}},"1":{"start":{"line":6,"column":28},"end":{"line":6,"column":37}},"2":{"start":{"line":7,"column":2},"end":{"line":16,"column":4}},"3":{"start":{"line":13,"column":8},"end":{"line":13,"column":75}}},"fnMap":{"0":{"name":"(anonymous_0)","decl":{"start":{"line":5,"column":21},"end":{"line":5,"column":22}},"loc":{"start":{"line":5,"column":60},"end":{"line":17,"column":1}},"line":5},"1":{"name":"(anonymous_1)","decl":{"start":{"line":12,"column":14},"end":{"line":12,"column":15}},"loc":{"start":{"line":13,"column":8},"end":{"line":13,"column":75}},"line":13}},"branchMap":{"0":{"loc":{"start":{"line":13,"column":8},"end":{"line":13,"column":75}},"type":"cond-expr","locations":[{"start":{"line":13,"column":24},"end":{"line":13,"column":48}},{"start":{"line":13,"column":51},"end":{"line":13,"column":75}}],"line":13}},"s":{"0":2,"1":2,"2":2,"3":2},"f":{"0":2,"1":2},"b":{"0":[0,2]},"_coverageSchema":"43e27e138ebf9cfc5966b082cf9a028302ed4184","hash":"8101373fbaabda4a3db73494ef2ee1a934c1d81a"}
,"/Users/jesus.martinez/Documents/react_apprenticeship/react-apprenticeship-capstone1/src/components/PrivateRoute/index.js": {"path":"/Users/jesus.martinez/Documents/react_apprenticeship/react-apprenticeship-capstone1/src/components/PrivateRoute/index.js","statementMap":{},"fnMap":{},"branchMap":{},"s":{},"f":{},"b":{},"_coverageSchema":"43e27e138ebf9cfc5966b082cf9a028302ed4184","hash":"422196eebc6c9eab9d13fea4346b769aa3d72e3f"}
,"/Users/jesus.martinez/Documents/react_apprenticeship/react-apprenticeship-capstone1/src/components/VideoCard/VideoCard.component.jsx": {"path":"/Users/jesus.martinez/Documents/react_apprenticeship/react-apprenticeship-capstone1/src/components/VideoCard/VideoCard.component.jsx","statementMap":{"0":{"start":{"line":5,"column":11},"end":{"line":12,"column":1}},"1":{"start":{"line":8,"column":4},"end":{"line":11,"column":5}},"2":{"start":{"line":14,"column":11},"end":{"line":32,"column":1}},"3":{"start":{"line":34,"column":13},"end":{"line":34,"column":26}},"4":{"start":{"line":36,"column":11},"end":{"line":65,"column":1}},"5":{"start":{"line":58,"column":4},"end":{"line":64,"column":5}},"6":{"start":{"line":68,"column":2},"end":{"line":94,"column":4}}},"fnMap":{"0":{"name":"(anonymous_0)","decl":{"start":{"line":7,"column":4},"end":{"line":7,"column":5}},"loc":{"start":{"line":8,"column":4},"end":{"line":11,"column":5}},"line":8},"1":{"name":"(anonymous_1)","decl":{"start":{"line":57,"column":4},"end":{"line":57,"column":5}},"loc":{"start":{"line":58,"column":4},"end":{"line":64,"column":5}},"line":58},"2":{"name":"VideoCard","decl":{"start":{"line":67,"column":9},"end":{"line":67,"column":18}},"loc":{"start":{"line":67,"column":26},"end":{"line":95,"column":1}},"line":67}},"branchMap":{"0":{"loc":{"start":{"line":8,"column":4},"end":{"line":11,"column":5}},"type":"binary-expr","locations":[{"start":{"line":8,"column":4},"end":{"line":8,"column":14}},{"start":{"line":9,"column":4},"end":{"line":11,"column":5}}],"line":8},"1":{"loc":{"start":{"line":58,"column":4},"end":{"line":64,"column":5}},"type":"binary-expr","locations":[{"start":{"line":58,"column":4},"end":{"line":58,"column":14}},{"start":{"line":59,"column":4},"end":{"line":64,"column":5}}],"line":58},"2":{"loc":{"start":{"line":83,"column":7},"end":{"line":92,"column":14}},"type":"cond-expr","locations":[{"start":{"line":84,"column":8},"end":{"line":91,"column":11}},{"start":{"line":92,"column":10},"end":{"line":92,"column":14}}],"line":83}},"s":{"0":4,"1":2,"2":4,"3":4,"4":4,"5":2,"6":2},"f":{"0":2,"1":2,"2":2},"b":{"0":[2,2],"1":[2,0],"2":[2,0]},"_coverageSchema":"43e27e138ebf9cfc5966b082cf9a028302ed4184","hash":"03217070a0f1dfc66cb3a975322340cf54d89b66"}
,"/Users/jesus.martinez/Documents/react_apprenticeship/react-apprenticeship-capstone1/src/components/VideoCard/index.js": {"path":"/Users/jesus.martinez/Documents/react_apprenticeship/react-apprenticeship-capstone1/src/components/VideoCard/index.js","statementMap":{},"fnMap":{},"branchMap":{},"s":{},"f":{},"b":{},"_coverageSchema":"43e27e138ebf9cfc5966b082cf9a028302ed4184","hash":"cf4c4b37dd6241d4505ee2ebd0338cebc5eef469"}
,"/Users/jesus.martinez/Documents/react_apprenticeship/react-apprenticeship-capstone1/src/pages/Favourites/Favourites.page.jsx": {"path":"/Users/jesus.martinez/Documents/react_apprenticeship/react-apprenticeship-capstone1/src/pages/Favourites/Favourites.page.jsx","statementMap":{"0":{"start":{"line":14,"column":18},"end":{"line":14,"column":30}},"1":{"start":{"line":15,"column":21},"end":{"line":15,"column":33}},"2":{"start":{"line":16,"column":27},"end":{"line":16,"column":73}},"3":{"start":{"line":17,"column":20},"end":{"line":17,"column":43}},"4":{"start":{"line":20,"column":2},"end":{"line":20,"column":72}},"5":{"start":{"line":20,"column":48},"end":{"line":20,"column":71}},"6":{"start":{"line":23,"column":17},"end":{"line":29,"column":3}},"7":{"start":{"line":30,"column":23},"end":{"line":33,"column":3}},"8":{"start":{"line":34,"column":30},"end":{"line":34,"column":44}},"9":{"start":{"line":36,"column":2},"end":{"line":40,"column":17}},"10":{"start":{"line":37,"column":4},"end":{"line":39,"column":5}},"11":{"start":{"line":38,"column":6},"end":{"line":38,"column":37}},"12":{"start":{"line":42,"column":2},"end":{"line":91,"column":4}},"13":{"start":{"line":59,"column":14},"end":{"line":76,"column":20}},"14":{"start":{"line":73,"column":20},"end":{"line":73,"column":69}}},"fnMap":{"0":{"name":"FavouritesPage","decl":{"start":{"line":13,"column":9},"end":{"line":13,"column":23}},"loc":{"start":{"line":13,"column":26},"end":{"line":92,"column":1}},"line":13},"1":{"name":"(anonymous_1)","decl":{"start":{"line":36,"column":12},"end":{"line":36,"column":13}},"loc":{"start":{"line":36,"column":18},"end":{"line":40,"column":3}},"line":36},"2":{"name":"(anonymous_2)","decl":{"start":{"line":58,"column":24},"end":{"line":58,"column":25}},"loc":{"start":{"line":59,"column":14},"end":{"line":76,"column":20}},"line":59},"3":{"name":"(anonymous_3)","decl":{"start":{"line":72,"column":27},"end":{"line":72,"column":28}},"loc":{"start":{"line":73,"column":20},"end":{"line":73,"column":69}},"line":73}},"branchMap":{"0":{"loc":{"start":{"line":20,"column":2},"end":{"line":20,"column":72}},"type":"if","locations":[{"start":{"line":20,"column":2},"end":{"line":20,"column":72}},{"start":{"line":20,"column":2},"end":{"line":20,"column":72}}],"line":20},"1":{"loc":{"start":{"line":37,"column":4},"end":{"line":39,"column":5}},"type":"if","locations":[{"start":{"line":37,"column":4},"end":{"line":39,"column":5}},{"start":{"line":37,"column":4},"end":{"line":39,"column":5}}],"line":37},"2":{"loc":{"start":{"line":51,"column":27},"end":{"line":51,"column":66}},"type":"cond-expr","locations":[{"start":{"line":51,"column":35},"end":{"line":51,"column":47}},{"start":{"line":51,"column":50},"end":{"line":51,"column":66}}],"line":51},"3":{"loc":{"start":{"line":56,"column":9},"end":{"line":88,"column":9}},"type":"cond-expr","locations":[{"start":{"line":57,"column":10},"end":{"line":78,"column":16}},{"start":{"line":81,"column":10},"end":{"line":87,"column":16}}],"line":56},"4":{"loc":{"start":{"line":83,"column":28},"end":{"line":83,"column":67}},"type":"cond-expr","locations":[{"start":{"line":83,"column":36},"end":{"line":83,"column":48}},{"start":{"line":83,"column":51},"end":{"line":83,"column":67}}],"line":83}},"s":{"0":4,"1":4,"2":4,"3":4,"4":4,"5":0,"6":4,"7":4,"8":4,"9":4,"10":4,"11":0,"12":4,"13":0,"14":0},"f":{"0":4,"1":4,"2":0,"3":0},"b":{"0":[0,4],"1":[0,4],"2":[4,0],"3":[0,4],"4":[4,0]},"_coverageSchema":"43e27e138ebf9cfc5966b082cf9a028302ed4184","hash":"cf0e98c86d426a012c6b818eb93a2f3c802b6e9a"}
,"/Users/jesus.martinez/Documents/react_apprenticeship/react-apprenticeship-capstone1/src/pages/Favourites/index.js": {"path":"/Users/jesus.martinez/Documents/react_apprenticeship/react-apprenticeship-capstone1/src/pages/Favourites/index.js","statementMap":{},"fnMap":{},"branchMap":{},"s":{},"f":{},"b":{},"_coverageSchema":"43e27e138ebf9cfc5966b082cf9a028302ed4184","hash":"4c1a63882a65f280b6d21f81eb8acea243a175b7"}
,"/Users/jesus.martinez/Documents/react_apprenticeship/react-apprenticeship-capstone1/src/pages/Home/Home.page.jsx": {"path":"/Users/jesus.martinez/Documents/react_apprenticeship/react-apprenticeship-capstone1/src/pages/Home/Home.page.jsx","statementMap":{"0":{"start":{"line":14,"column":18},"end":{"line":14,"column":30}},"1":{"start":{"line":15,"column":21},"end":{"line":15,"column":33}},"2":{"start":{"line":17,"column":25},"end":{"line":17,"column":48}},"3":{"start":{"line":19,"column":15},"end":{"line":19,"column":25}},"4":{"start":{"line":20,"column":18},"end":{"line":28,"column":3}},"5":{"start":{"line":29,"column":14},"end":{"line":29,"column":36}},"6":{"start":{"line":32,"column":17},"end":{"line":37,"column":3}},"7":{"start":{"line":38,"column":23},"end":{"line":41,"column":3}},"8":{"start":{"line":42,"column":30},"end":{"line":42,"column":44}},"9":{"start":{"line":44,"column":2},"end":{"line":60,"column":17}},"10":{"start":{"line":45,"column":4},"end":{"line":47,"column":5}},"11":{"start":{"line":46,"column":6},"end":{"line":46,"column":37}},"12":{"start":{"line":62,"column":2},"end":{"line":115,"column":4}},"13":{"start":{"line":81,"column":14},"end":{"line":96,"column":20}},"14":{"start":{"line":94,"column":33},"end":{"line":94,"column":79}}},"fnMap":{"0":{"name":"HomePage","decl":{"start":{"line":13,"column":9},"end":{"line":13,"column":17}},"loc":{"start":{"line":13,"column":20},"end":{"line":116,"column":1}},"line":13},"1":{"name":"(anonymous_1)","decl":{"start":{"line":44,"column":12},"end":{"line":44,"column":13}},"loc":{"start":{"line":44,"column":18},"end":{"line":60,"column":3}},"line":44},"2":{"name":"(anonymous_2)","decl":{"start":{"line":80,"column":24},"end":{"line":80,"column":25}},"loc":{"start":{"line":81,"column":14},"end":{"line":96,"column":20}},"line":81},"3":{"name":"(anonymous_3)","decl":{"start":{"line":94,"column":27},"end":{"line":94,"column":28}},"loc":{"start":{"line":94,"column":33},"end":{"line":94,"column":79}},"line":94}},"branchMap":{"0":{"loc":{"start":{"line":45,"column":4},"end":{"line":47,"column":5}},"type":"if","locations":[{"start":{"line":45,"column":4},"end":{"line":47,"column":5}},{"start":{"line":45,"column":4},"end":{"line":47,"column":5}}],"line":45},"1":{"loc":{"start":{"line":72,"column":25},"end":{"line":72,"column":79}},"type":"cond-expr","locations":[{"start":{"line":72,"column":48},"end":{"line":72,"column":60}},{"start":{"line":72,"column":63},"end":{"line":72,"column":79}}],"line":72},"2":{"loc":{"start":{"line":78,"column":9},"end":{"line":112,"column":9}},"type":"cond-expr","locations":[{"start":{"line":79,"column":10},"end":{"line":98,"column":16}},{"start":{"line":101,"column":10},"end":{"line":111,"column":16}}],"line":78},"3":{"loc":{"start":{"line":105,"column":18},"end":{"line":105,"column":72}},"type":"cond-expr","locations":[{"start":{"line":105,"column":41},"end":{"line":105,"column":53}},{"start":{"line":105,"column":56},"end":{"line":105,"column":72}}],"line":105}},"s":{"0":2,"1":2,"2":2,"3":2,"4":2,"5":2,"6":2,"7":2,"8":2,"9":2,"10":1,"11":0,"12":2,"13":0,"14":0},"f":{"0":2,"1":1,"2":0,"3":0},"b":{"0":[0,1],"1":[2,0],"2":[0,2],"3":[2,0]},"_coverageSchema":"43e27e138ebf9cfc5966b082cf9a028302ed4184","hash":"874ae77f847bfdb5878dc42d8c1f90ffd7493ce1"}
,"/Users/jesus.martinez/Documents/react_apprenticeship/react-apprenticeship-capstone1/src/pages/Home/index.js": {"path":"/Users/jesus.martinez/Documents/react_apprenticeship/react-apprenticeship-capstone1/src/pages/Home/index.js","statementMap":{},"fnMap":{},"branchMap":{},"s":{},"f":{},"b":{},"_coverageSchema":"43e27e138ebf9cfc5966b082cf9a028302ed4184","hash":"f9ee3a15a8ac1508d4dc9c1057496cc53fdc6f5b"}
,"/Users/jesus.martinez/Documents/react_apprenticeship/react-apprenticeship-capstone1/src/pages/Login/Login.page.jsx": {"path":"/Users/jesus.martinez/Documents/react_apprenticeship/react-apprenticeship-capstone1/src/pages/Login/Login.page.jsx","statementMap":{"0":{"start":{"line":10,"column":20},"end":{"line":10,"column":29}},"1":{"start":{"line":11,"column":18},"end":{"line":11,"column":30}},"2":{"start":{"line":12,"column":38},"end":{"line":12,"column":53}},"3":{"start":{"line":13,"column":20},"end":{"line":13,"column":43}},"4":{"start":{"line":16,"column":4},"end":{"line":16,"column":27}},"5":{"start":{"line":17,"column":4},"end":{"line":28,"column":9}},"6":{"start":{"line":20,"column":8},"end":{"line":20,"column":56}},"7":{"start":{"line":21,"column":8},"end":{"line":21,"column":16}},"8":{"start":{"line":22,"column":8},"end":{"line":22,"column":26}},"9":{"start":{"line":26,"column":8},"end":{"line":26,"column":58}},"10":{"start":{"line":27,"column":8},"end":{"line":27,"column":28}},"11":{"start":{"line":33,"column":2},"end":{"line":59,"column":4}}},"fnMap":{"0":{"name":"LoginPage","decl":{"start":{"line":9,"column":9},"end":{"line":9,"column":18}},"loc":{"start":{"line":9,"column":21},"end":{"line":60,"column":1}},"line":9},"1":{"name":"authenticate","decl":{"start":{"line":15,"column":17},"end":{"line":15,"column":29}},"loc":{"start":{"line":15,"column":37},"end":{"line":31,"column":3}},"line":15},"2":{"name":"(anonymous_2)","decl":{"start":{"line":18,"column":12},"end":{"line":18,"column":13}},"loc":{"start":{"line":18,"column":32},"end":{"line":23,"column":7}},"line":18},"3":{"name":"(anonymous_3)","decl":{"start":{"line":24,"column":13},"end":{"line":24,"column":14}},"loc":{"start":{"line":24,"column":30},"end":{"line":28,"column":7}},"line":24}},"branchMap":{"0":{"loc":{"start":{"line":35,"column":21},"end":{"line":35,"column":60}},"type":"cond-expr","locations":[{"start":{"line":35,"column":29},"end":{"line":35,"column":41}},{"start":{"line":35,"column":44},"end":{"line":35,"column":60}}],"line":35},"1":{"loc":{"start":{"line":49,"column":9},"end":{"line":55,"column":16}},"type":"cond-expr","locations":[{"start":{"line":50,"column":10},"end":{"line":54,"column":16}},{"start":{"line":55,"column":12},"end":{"line":55,"column":16}}],"line":49}},"s":{"0":4,"1":4,"2":4,"3":4,"4":0,"5":0,"6":0,"7":0,"8":0,"9":0,"10":0,"11":4},"f":{"0":4,"1":0,"2":0,"3":0},"b":{"0":[4,0],"1":[0,4]},"_coverageSchema":"43e27e138ebf9cfc5966b082cf9a028302ed4184","hash":"2d2b9f014789d17bad23e1b547259ece6189e8e9"}
,"/Users/jesus.martinez/Documents/react_apprenticeship/react-apprenticeship-capstone1/src/pages/Login/index.js": {"path":"/Users/jesus.martinez/Documents/react_apprenticeship/react-apprenticeship-capstone1/src/pages/Login/index.js","statementMap":{},"fnMap":{},"branchMap":{},"s":{},"f":{},"b":{},"_coverageSchema":"43e27e138ebf9cfc5966b082cf9a028302ed4184","hash":"60abdaa06b9bdf2e47f420dff2571de5afa12679"}
,"/Users/jesus.martinez/Documents/react_apprenticeship/react-apprenticeship-capstone1/src/pages/Login/login.api.js": {"path":"/Users/jesus.martinez/Documents/react_apprenticeship/react-apprenticeship-capstone1/src/pages/Login/login.api.js","statementMap":{"0":{"start":{"line":1,"column":19},"end":{"line":6,"column":1}},"1":{"start":{"line":9,"column":2},"end":{"line":16,"column":5}},"2":{"start":{"line":10,"column":4},"end":{"line":15,"column":12}},"3":{"start":{"line":11,"column":6},"end":{"line":13,"column":7}},"4":{"start":{"line":12,"column":8},"end":{"line":12,"column":35}},"5":{"start":{"line":14,"column":6},"end":{"line":14,"column":63}}},"fnMap":{"0":{"name":"loginApi","decl":{"start":{"line":8,"column":30},"end":{"line":8,"column":38}},"loc":{"start":{"line":8,"column":59},"end":{"line":17,"column":1}},"line":8},"1":{"name":"(anonymous_1)","decl":{"start":{"line":9,"column":21},"end":{"line":9,"column":22}},"loc":{"start":{"line":9,"column":42},"end":{"line":16,"column":3}},"line":9},"2":{"name":"(anonymous_2)","decl":{"start":{"line":10,"column":15},"end":{"line":10,"column":16}},"loc":{"start":{"line":10,"column":21},"end":{"line":15,"column":5}},"line":10}},"branchMap":{"0":{"loc":{"start":{"line":11,"column":6},"end":{"line":13,"column":7}},"type":"if","locations":[{"start":{"line":11,"column":6},"end":{"line":13,"column":7}},{"start":{"line":11,"column":6},"end":{"line":13,"column":7}}],"line":11},"1":{"loc":{"start":{"line":11,"column":10},"end":{"line":11,"column":58}},"type":"binary-expr","locations":[{"start":{"line":11,"column":10},"end":{"line":11,"column":33}},{"start":{"line":11,"column":37},"end":{"line":11,"column":58}}],"line":11}},"s":{"0":2,"1":0,"2":0,"3":0,"4":0,"5":0},"f":{"0":0,"1":0,"2":0},"b":{"0":[0,0],"1":[0,0]},"_coverageSchema":"43e27e138ebf9cfc5966b082cf9a028302ed4184","hash":"695dbbe74bf58c8dde1fdf07adcef7398953d30d"}
,"/Users/jesus.martinez/Documents/react_apprenticeship/react-apprenticeship-capstone1/src/pages/NotFound/NotFound.page.jsx": {"path":"/Users/jesus.martinez/Documents/react_apprenticeship/react-apprenticeship-capstone1/src/pages/NotFound/NotFound.page.jsx","statementMap":{"0":{"start":{"line":7,"column":2},"end":{"line":14,"column":4}}},"fnMap":{"0":{"name":"NotFoundPage","decl":{"start":{"line":6,"column":9},"end":{"line":6,"column":21}},"loc":{"start":{"line":6,"column":24},"end":{"line":15,"column":1}},"line":6}},"branchMap":{},"s":{"0":0},"f":{"0":0},"b":{},"_coverageSchema":"43e27e138ebf9cfc5966b082cf9a028302ed4184","hash":"a47f01c75e5c10c66c2ed72a8e5eb9dbe6fa54b4"}
,"/Users/jesus.martinez/Documents/react_apprenticeship/react-apprenticeship-capstone1/src/pages/NotFound/index.js": {"path":"/Users/jesus.martinez/Documents/react_apprenticeship/react-apprenticeship-capstone1/src/pages/NotFound/index.js","statementMap":{},"fnMap":{},"branchMap":{},"s":{},"f":{},"b":{},"_coverageSchema":"43e27e138ebf9cfc5966b082cf9a028302ed4184","hash":"4f29a87f648bcc47a442e9402605a825b7ae7f49"}
,"/Users/jesus.martinez/Documents/react_apprenticeship/react-apprenticeship-capstone1/src/pages/WatchFavourite/WatchFavourite.page.jsx": {"path":"/Users/jesus.martinez/Documents/react_apprenticeship/react-apprenticeship-capstone1/src/pages/WatchFavourite/WatchFavourite.page.jsx","statementMap":{"0":{"start":{"line":12,"column":29},"end":{"line":28,"column":1}},"1":{"start":{"line":30,"column":22},"end":{"line":34,"column":1}},"2":{"start":{"line":36,"column":21},"end":{"line":39,"column":1}},"3":{"start":{"line":42,"column":18},"end":{"line":42,"column":30}},"4":{"start":{"line":43,"column":20},"end":{"line":43,"column":31}},"5":{"start":{"line":44,"column":21},"end":{"line":44,"column":33}},"6":{"start":{"line":45,"column":44},"end":{"line":45,"column":54}},"7":{"start":{"line":46,"column":42},"end":{"line":46,"column":56}},"8":{"start":{"line":47,"column":42},"end":{"line":47,"column":56}},"9":{"start":{"line":48,"column":20},"end":{"line":48,"column":43}},"10":{"start":{"line":50,"column":2},"end":{"line":98,"column":21}},"11":{"start":{"line":51,"column":4},"end":{"line":51,"column":45}},"12":{"start":{"line":51,"column":22},"end":{"line":51,"column":45}},"13":{"start":{"line":53,"column":4},"end":{"line":53,"column":47}},"14":{"start":{"line":54,"column":4},"end":{"line":94,"column":9}},"15":{"start":{"line":63,"column":8},"end":{"line":63,"column":70}},"16":{"start":{"line":64,"column":8},"end":{"line":64,"column":48}},"17":{"start":{"line":65,"column":8},"end":{"line":65,"column":54}},"18":{"start":{"line":67,"column":31},"end":{"line":67,"column":77}},"19":{"start":{"line":68,"column":25},"end":{"line":68,"column":58}},"20":{"start":{"line":69,"column":8},"end":{"line":69,"column":47}},"21":{"start":{"line":71,"column":32},"end":{"line":71,"column":55}},"22":{"start":{"line":73,"column":8},"end":{"line":89,"column":13}},"23":{"start":{"line":83,"column":12},"end":{"line":83,"column":76}},"24":{"start":{"line":84,"column":12},"end":{"line":84,"column":50}},"25":{"start":{"line":88,"column":12},"end":{"line":88,"column":31}},"26":{"start":{"line":93,"column":8},"end":{"line":93,"column":27}},"27":{"start":{"line":96,"column":4},"end":{"line":96,"column":55}},"28":{"start":{"line":97,"column":4},"end":{"line":97,"column":29}},"29":{"start":{"line":100,"column":2},"end":{"line":181,"column":4}},"30":{"start":{"line":129,"column":14},"end":{"line":144,"column":15}},"31":{"start":{"line":130,"column":16},"end":{"line":143,"column":18}},"32":{"start":{"line":137,"column":26},"end":{"line":137,"column":50}}},"fnMap":{"0":{"name":"WatchFavouritePage","decl":{"start":{"line":41,"column":9},"end":{"line":41,"column":27}},"loc":{"start":{"line":41,"column":30},"end":{"line":182,"column":1}},"line":41},"1":{"name":"(anonymous_1)","decl":{"start":{"line":50,"column":12},"end":{"line":50,"column":13}},"loc":{"start":{"line":50,"column":18},"end":{"line":98,"column":3}},"line":50},"2":{"name":"(anonymous_2)","decl":{"start":{"line":62,"column":12},"end":{"line":62,"column":13}},"loc":{"start":{"line":62,"column":32},"end":{"line":90,"column":7}},"line":62},"3":{"name":"(anonymous_3)","decl":{"start":{"line":81,"column":16},"end":{"line":81,"column":17}},"loc":{"start":{"line":81,"column":36},"end":{"line":85,"column":11}},"line":81},"4":{"name":"(anonymous_4)","decl":{"start":{"line":86,"column":17},"end":{"line":86,"column":18}},"loc":{"start":{"line":86,"column":34},"end":{"line":89,"column":11}},"line":86},"5":{"name":"(anonymous_5)","decl":{"start":{"line":91,"column":13},"end":{"line":91,"column":14}},"loc":{"start":{"line":91,"column":30},"end":{"line":94,"column":7}},"line":91},"6":{"name":"(anonymous_6)","decl":{"start":{"line":128,"column":30},"end":{"line":128,"column":31}},"loc":{"start":{"line":128,"column":39},"end":{"line":145,"column":13}},"line":128},"7":{"name":"(anonymous_7)","decl":{"start":{"line":136,"column":33},"end":{"line":136,"column":34}},"loc":{"start":{"line":136,"column":39},"end":{"line":138,"column":25}},"line":136}},"branchMap":{"0":{"loc":{"start":{"line":51,"column":4},"end":{"line":51,"column":45}},"type":"if","locations":[{"start":{"line":51,"column":4},"end":{"line":51,"column":45}},{"start":{"line":51,"column":4},"end":{"line":51,"column":45}}],"line":51},"1":{"loc":{"start":{"line":122,"column":29},"end":{"line":122,"column":68}},"type":"cond-expr","locations":[{"start":{"line":122,"column":37},"end":{"line":122,"column":49}},{"start":{"line":122,"column":52},"end":{"line":122,"column":68}}],"line":122},"2":{"loc":{"start":{"line":127,"column":11},"end":{"line":148,"column":11}},"type":"cond-expr","locations":[{"start":{"line":128,"column":12},"end":{"line":145,"column":14}},{"start":{"line":147,"column":12},"end":{"line":147,"column":29}}],"line":127},"3":{"loc":{"start":{"line":129,"column":14},"end":{"line":144,"column":15}},"type":"if","locations":[{"start":{"line":129,"column":14},"end":{"line":144,"column":15}},{"start":{"line":129,"column":14},"end":{"line":144,"column":15}}],"line":129},"4":{"loc":{"start":{"line":151,"column":11},"end":{"line":177,"column":11}},"type":"cond-expr","locations":[{"start":{"line":152,"column":12},"end":{"line":174,"column":15}},{"start":{"line":176,"column":12},"end":{"line":176,"column":29}}],"line":151},"5":{"loc":{"start":{"line":155,"column":33},"end":{"line":155,"column":72}},"type":"cond-expr","locations":[{"start":{"line":155,"column":41},"end":{"line":155,"column":53}},{"start":{"line":155,"column":56},"end":{"line":155,"column":72}}],"line":155},"6":{"loc":{"start":{"line":162,"column":32},"end":{"line":162,"column":71}},"type":"cond-expr","locations":[{"start":{"line":162,"column":40},"end":{"line":162,"column":52}},{"start":{"line":162,"column":55},"end":{"line":162,"column":71}}],"line":162},"7":{"loc":{"start":{"line":169,"column":33},"end":{"line":169,"column":72}},"type":"cond-expr","locations":[{"start":{"line":169,"column":41},"end":{"line":169,"column":53}},{"start":{"line":169,"column":56},"end":{"line":169,"column":72}}],"line":169}},"s":{"0":1,"1":1,"2":1,"3":0,"4":0,"5":0,"6":0,"7":0,"8":0,"9":0,"10":0,"11":0,"12":0,"13":0,"14":0,"15":0,"16":0,"17":0,"18":0,"19":0,"20":0,"21":0,"22":0,"23":0,"24":0,"25":0,"26":0,"27":0,"28":0,"29":0,"30":0,"31":0,"32":0},"f":{"0":0,"1":0,"2":0,"3":0,"4":0,"5":0,"6":0,"7":0},"b":{"0":[0,0],"1":[0,0],"2":[0,0],"3":[0,0],"4":[0,0],"5":[0,0],"6":[0,0],"7":[0,0]},"_coverageSchema":"43e27e138ebf9cfc5966b082cf9a028302ed4184","hash":"d84e239ce70beea87ca04f7d049e381bf306bf98"}
,"/Users/jesus.martinez/Documents/react_apprenticeship/react-apprenticeship-capstone1/src/pages/WatchFavourite/index.js": {"path":"/Users/jesus.martinez/Documents/react_apprenticeship/react-apprenticeship-capstone1/src/pages/WatchFavourite/index.js","statementMap":{},"fnMap":{},"branchMap":{},"s":{},"f":{},"b":{},"_coverageSchema":"43e27e138ebf9cfc5966b082cf9a028302ed4184","hash":"ebc2a9a52e146d825b4898522754c8712494705d"}
,"/Users/jesus.martinez/Documents/react_apprenticeship/react-apprenticeship-capstone1/src/pages/WatchVideo/WatchVideo.page.jsx": {"path":"/Users/jesus.martinez/Documents/react_apprenticeship/react-apprenticeship-capstone1/src/pages/WatchVideo/WatchVideo.page.jsx","statementMap":{"0":{"start":{"line":14,"column":29},"end":{"line":30,"column":1}},"1":{"start":{"line":32,"column":22},"end":{"line":36,"column":1}},"2":{"start":{"line":38,"column":21},"end":{"line":41,"column":1}},"3":{"start":{"line":44,"column":25},"end":{"line":44,"column":71}},"4":{"start":{"line":46,"column":2},"end":{"line":60,"column":3}},"5":{"start":{"line":48,"column":26},"end":{"line":48,"column":63}},"6":{"start":{"line":50,"column":4},"end":{"line":56,"column":5}},"7":{"start":{"line":52,"column":6},"end":{"line":52,"column":15}},"8":{"start":{"line":55,"column":6},"end":{"line":55,"column":15}},"9":{"start":{"line":59,"column":4},"end":{"line":59,"column":13}},"10":{"start":{"line":64,"column":18},"end":{"line":64,"column":30}},"11":{"start":{"line":65,"column":21},"end":{"line":65,"column":33}},"12":{"start":{"line":66,"column":28},"end":{"line":66,"column":37}},"13":{"start":{"line":67,"column":20},"end":{"line":67,"column":31}},"14":{"start":{"line":68,"column":42},"end":{"line":68,"column":56}},"15":{"start":{"line":69,"column":44},"end":{"line":69,"column":54}},"16":{"start":{"line":70,"column":42},"end":{"line":70,"column":56}},"17":{"start":{"line":71,"column":34},"end":{"line":71,"column":49}},"18":{"start":{"line":72,"column":20},"end":{"line":72,"column":43}},"19":{"start":{"line":74,"column":2},"end":{"line":124,"column":31}},"20":{"start":{"line":75,"column":4},"end":{"line":121,"column":5}},"21":{"start":{"line":76,"column":6},"end":{"line":76,"column":47}},"22":{"start":{"line":76,"column":24},"end":{"line":76,"column":47}},"23":{"start":{"line":78,"column":6},"end":{"line":81,"column":7}},"24":{"start":{"line":78,"column":39},"end":{"line":78,"column":57}},"25":{"start":{"line":80,"column":8},"end":{"line":80,"column":27}},"26":{"start":{"line":83,"column":6},"end":{"line":83,"column":49}},"27":{"start":{"line":84,"column":6},"end":{"line":120,"column":11}},"28":{"start":{"line":93,"column":10},"end":{"line":93,"column":72}},"29":{"start":{"line":94,"column":10},"end":{"line":94,"column":54}},"30":{"start":{"line":95,"column":10},"end":{"line":95,"column":50}},"31":{"start":{"line":97,"column":10},"end":{"line":115,"column":15}},"32":{"start":{"line":109,"column":14},"end":{"line":109,"column":77}},"33":{"start":{"line":110,"column":14},"end":{"line":110,"column":52}},"34":{"start":{"line":114,"column":14},"end":{"line":114,"column":33}},"35":{"start":{"line":119,"column":10},"end":{"line":119,"column":29}},"36":{"start":{"line":122,"column":4},"end":{"line":122,"column":44}},"37":{"start":{"line":123,"column":4},"end":{"line":123,"column":29}},"38":{"start":{"line":127,"column":4},"end":{"line":127,"column":46}},"39":{"start":{"line":128,"column":27},"end":{"line":128,"column":73}},"40":{"start":{"line":130,"column":4},"end":{"line":143,"column":5}},"41":{"start":{"line":131,"column":6},"end":{"line":131,"column":26}},"42":{"start":{"line":132,"column":11},"end":{"line":143,"column":5}},"43":{"start":{"line":133,"column":6},"end":{"line":133,"column":35}},"44":{"start":{"line":134,"column":6},"end":{"line":134,"column":40}},"45":{"start":{"line":135,"column":6},"end":{"line":135,"column":75}},"46":{"start":{"line":136,"column":6},"end":{"line":136,"column":24}},"47":{"start":{"line":137,"column":11},"end":{"line":143,"column":5}},"48":{"start":{"line":138,"column":6},"end":{"line":138,"column":41}},"49":{"start":{"line":139,"column":6},"end":{"line":139,"column":28}},"50":{"start":{"line":140,"column":6},"end":{"line":140,"column":40}},"51":{"start":{"line":141,"column":6},"end":{"line":141,"column":75}},"52":{"start":{"line":142,"column":6},"end":{"line":142,"column":24}},"53":{"start":{"line":145,"column":4},"end":{"line":145,"column":64}},"54":{"start":{"line":149,"column":4},"end":{"line":149,"column":49}},"55":{"start":{"line":150,"column":27},"end":{"line":150,"column":73}},"56":{"start":{"line":151,"column":21},"end":{"line":151,"column":57}},"57":{"start":{"line":152,"column":4},"end":{"line":152,"column":43}},"58":{"start":{"line":153,"column":4},"end":{"line":153,"column":73}},"59":{"start":{"line":155,"column":4},"end":{"line":155,"column":23}},"60":{"start":{"line":156,"column":4},"end":{"line":156,"column":64}},"61":{"start":{"line":159,"column":2},"end":{"line":268,"column":4}},"62":{"start":{"line":188,"column":14},"end":{"line":203,"column":15}},"63":{"start":{"line":189,"column":16},"end":{"line":202,"column":18}},"64":{"start":{"line":196,"column":26},"end":{"line":196,"column":58}},"65":{"start":{"line":217,"column":39},"end":{"line":217,"column":68}},"66":{"start":{"line":224,"column":39},"end":{"line":224,"column":65}}},"fnMap":{"0":{"name":"isAlreadyFav","decl":{"start":{"line":43,"column":9},"end":{"line":43,"column":21}},"loc":{"start":{"line":43,"column":34},"end":{"line":61,"column":1}},"line":43},"1":{"name":"WatchVideoPage","decl":{"start":{"line":63,"column":9},"end":{"line":63,"column":23}},"loc":{"start":{"line":63,"column":26},"end":{"line":269,"column":1}},"line":63},"2":{"name":"(anonymous_2)","decl":{"start":{"line":74,"column":12},"end":{"line":74,"column":13}},"loc":{"start":{"line":74,"column":18},"end":{"line":124,"column":3}},"line":74},"3":{"name":"(anonymous_3)","decl":{"start":{"line":92,"column":14},"end":{"line":92,"column":15}},"loc":{"start":{"line":92,"column":34},"end":{"line":116,"column":9}},"line":92},"4":{"name":"(anonymous_4)","decl":{"start":{"line":107,"column":18},"end":{"line":107,"column":19}},"loc":{"start":{"line":107,"column":38},"end":{"line":111,"column":13}},"line":107},"5":{"name":"(anonymous_5)","decl":{"start":{"line":112,"column":19},"end":{"line":112,"column":20}},"loc":{"start":{"line":112,"column":36},"end":{"line":115,"column":13}},"line":112},"6":{"name":"(anonymous_6)","decl":{"start":{"line":117,"column":15},"end":{"line":117,"column":16}},"loc":{"start":{"line":117,"column":32},"end":{"line":120,"column":9}},"line":117},"7":{"name":"setFavourite","decl":{"start":{"line":126,"column":11},"end":{"line":126,"column":23}},"loc":{"start":{"line":126,"column":36},"end":{"line":146,"column":3}},"line":126},"8":{"name":"removeFavourite","decl":{"start":{"line":148,"column":11},"end":{"line":148,"column":26}},"loc":{"start":{"line":148,"column":39},"end":{"line":157,"column":3}},"line":148},"9":{"name":"(anonymous_9)","decl":{"start":{"line":187,"column":30},"end":{"line":187,"column":31}},"loc":{"start":{"line":187,"column":39},"end":{"line":204,"column":13}},"line":187},"10":{"name":"(anonymous_10)","decl":{"start":{"line":195,"column":33},"end":{"line":195,"column":34}},"loc":{"start":{"line":195,"column":39},"end":{"line":197,"column":25}},"line":195},"11":{"name":"(anonymous_11)","decl":{"start":{"line":217,"column":33},"end":{"line":217,"column":34}},"loc":{"start":{"line":217,"column":39},"end":{"line":217,"column":68}},"line":217},"12":{"name":"(anonymous_12)","decl":{"start":{"line":224,"column":33},"end":{"line":224,"column":34}},"loc":{"start":{"line":224,"column":39},"end":{"line":224,"column":65}},"line":224}},"branchMap":{"0":{"loc":{"start":{"line":46,"column":2},"end":{"line":60,"column":3}},"type":"if","locations":[{"start":{"line":46,"column":2},"end":{"line":60,"column":3}},{"start":{"line":46,"column":2},"end":{"line":60,"column":3}}],"line":46},"1":{"loc":{"start":{"line":50,"column":4},"end":{"line":56,"column":5}},"type":"if","locations":[{"start":{"line":50,"column":4},"end":{"line":56,"column":5}},{"start":{"line":50,"column":4},"end":{"line":56,"column":5}}],"line":50},"2":{"loc":{"start":{"line":75,"column":4},"end":{"line":121,"column":5}},"type":"if","locations":[{"start":{"line":75,"column":4},"end":{"line":121,"column":5}},{"start":{"line":75,"column":4},"end":{"line":121,"column":5}}],"line":75},"3":{"loc":{"start":{"line":76,"column":6},"end":{"line":76,"column":47}},"type":"if","locations":[{"start":{"line":76,"column":6},"end":{"line":76,"column":47}},{"start":{"line":76,"column":6},"end":{"line":76,"column":47}}],"line":76},"4":{"loc":{"start":{"line":78,"column":6},"end":{"line":81,"column":7}},"type":"if","locations":[{"start":{"line":78,"column":6},"end":{"line":81,"column":7}},{"start":{"line":78,"column":6},"end":{"line":81,"column":7}}],"line":78},"5":{"loc":{"start":{"line":130,"column":4},"end":{"line":143,"column":5}},"type":"if","locations":[{"start":{"line":130,"column":4},"end":{"line":143,"column":5}},{"start":{"line":130,"column":4},"end":{"line":143,"column":5}}],"line":130},"6":{"loc":{"start":{"line":132,"column":11},"end":{"line":143,"column":5}},"type":"if","locations":[{"start":{"line":132,"column":11},"end":{"line":143,"column":5}},{"start":{"line":132,"column":11},"end":{"line":143,"column":5}}],"line":132},"7":{"loc":{"start":{"line":137,"column":11},"end":{"line":143,"column":5}},"type":"if","locations":[{"start":{"line":137,"column":11},"end":{"line":143,"column":5}},{"start":{"line":137,"column":11},"end":{"line":143,"column":5}}],"line":137},"8":{"loc":{"start":{"line":181,"column":29},"end":{"line":181,"column":68}},"type":"cond-expr","locations":[{"start":{"line":181,"column":37},"end":{"line":181,"column":49}},{"start":{"line":181,"column":52},"end":{"line":181,"column":68}}],"line":181},"9":{"loc":{"start":{"line":186,"column":11},"end":{"line":207,"column":11}},"type":"cond-expr","locations":[{"start":{"line":187,"column":12},"end":{"line":204,"column":14}},{"start":{"line":206,"column":12},"end":{"line":206,"column":29}}],"line":186},"10":{"loc":{"start":{"line":188,"column":14},"end":{"line":203,"column":15}},"type":"if","locations":[{"start":{"line":188,"column":14},"end":{"line":203,"column":15}},{"start":{"line":188,"column":14},"end":{"line":203,"column":15}}],"line":188},"11":{"loc":{"start":{"line":212,"column":15},"end":{"line":230,"column":22}},"type":"cond-expr","locations":[{"start":{"line":213,"column":18},"end":{"line":229,"column":19}},{"start":{"line":230,"column":18},"end":{"line":230,"column":22}}],"line":212},"12":{"loc":{"start":{"line":214,"column":20},"end":{"line":228,"column":21}},"type":"cond-expr","locations":[{"start":{"line":215,"column":22},"end":{"line":220,"column":31}},{"start":{"line":222,"column":22},"end":{"line":227,"column":31}}],"line":214},"13":{"loc":{"start":{"line":233,"column":11},"end":{"line":259,"column":11}},"type":"cond-expr","locations":[{"start":{"line":234,"column":12},"end":{"line":256,"column":15}},{"start":{"line":258,"column":12},"end":{"line":258,"column":29}}],"line":233},"14":{"loc":{"start":{"line":237,"column":33},"end":{"line":237,"column":72}},"type":"cond-expr","locations":[{"start":{"line":237,"column":41},"end":{"line":237,"column":53}},{"start":{"line":237,"column":56},"end":{"line":237,"column":72}}],"line":237},"15":{"loc":{"start":{"line":244,"column":32},"end":{"line":244,"column":71}},"type":"cond-expr","locations":[{"start":{"line":244,"column":40},"end":{"line":244,"column":52}},{"start":{"line":244,"column":55},"end":{"line":244,"column":71}}],"line":244},"16":{"loc":{"start":{"line":251,"column":33},"end":{"line":251,"column":72}},"type":"cond-expr","locations":[{"start":{"line":251,"column":41},"end":{"line":251,"column":53}},{"start":{"line":251,"column":56},"end":{"line":251,"column":72}}],"line":251}},"s":{"0":1,"1":1,"2":1,"3":0,"4":0,"5":0,"6":0,"7":0,"8":0,"9":0,"10":0,"11":0,"12":0,"13":0,"14":0,"15":0,"16":0,"17":0,"18":0,"19":0,"20":0,"21":0,"22":0,"23":0,"24":0,"25":0,"26":0,"27":0,"28":0,"29":0,"30":0,"31":0,"32":0,"33":0,"34":0,"35":0,"36":0,"37":0,"38":0,"39":0,"40":0,"41":0,"42":0,"43":0,"44":0,"45":0,"46":0,"47":0,"48":0,"49":0,"50":0,"51":0,"52":0,"53":0,"54":0,"55":0,"56":0,"57":0,"58":0,"59":0,"60":0,"61":0,"62":0,"63":0,"64":0,"65":0,"66":0},"f":{"0":0,"1":0,"2":0,"3":0,"4":0,"5":0,"6":0,"7":0,"8":0,"9":0,"10":0,"11":0,"12":0},"b":{"0":[0,0],"1":[0,0],"2":[0,0],"3":[0,0],"4":[0,0],"5":[0,0],"6":[0,0],"7":[0,0],"8":[0,0],"9":[0,0],"10":[0,0],"11":[0,0],"12":[0,0],"13":[0,0],"14":[0,0],"15":[0,0],"16":[0,0]},"_coverageSchema":"43e27e138ebf9cfc5966b082cf9a028302ed4184","hash":"283d2bd3e96d6f402f15896527ffed8d6ef594de"}
,"/Users/jesus.martinez/Documents/react_apprenticeship/react-apprenticeship-capstone1/src/pages/WatchVideo/index.js": {"path":"/Users/jesus.martinez/Documents/react_apprenticeship/react-apprenticeship-capstone1/src/pages/WatchVideo/index.js","statementMap":{},"fnMap":{},"branchMap":{},"s":{},"f":{},"b":{},"_coverageSchema":"43e27e138ebf9cfc5966b082cf9a028302ed4184","hash":"4dffa5fbc865d290c0688ab5212c9cbe91f297e6"}
,"/Users/jesus.martinez/Documents/react_apprenticeship/react-apprenticeship-capstone1/src/providers/Auth/Auth.provider.jsx": {"path":"/Users/jesus.martinez/Documents/react_apprenticeship/react-apprenticeship-capstone1/src/providers/Auth/Auth.provider.jsx","statementMap":{"0":{"start":{"line":6,"column":20},"end":{"line":6,"column":45}},"1":{"start":{"line":9,"column":18},"end":{"line":9,"column":41}},"2":{"start":{"line":10,"column":2},"end":{"line":12,"column":3}},"3":{"start":{"line":11,"column":4},"end":{"line":11,"column":68}},"4":{"start":{"line":13,"column":2},"end":{"line":13,"column":17}},"5":{"start":{"line":18,"column":24},"end":{"line":18,"column":53}},"6":{"start":{"line":19,"column":44},"end":{"line":19,"column":67}},"7":{"start":{"line":21,"column":2},"end":{"line":26,"column":9}},"8":{"start":{"line":22,"column":26},"end":{"line":22,"column":55}},"9":{"start":{"line":23,"column":28},"end":{"line":23,"column":50}},"10":{"start":{"line":25,"column":4},"end":{"line":25,"column":38}},"11":{"start":{"line":28,"column":16},"end":{"line":31,"column":8}},"12":{"start":{"line":29,"column":4},"end":{"line":29,"column":27}},"13":{"start":{"line":30,"column":4},"end":{"line":30,"column":40}},"14":{"start":{"line":33,"column":17},"end":{"line":36,"column":8}},"15":{"start":{"line":34,"column":4},"end":{"line":34,"column":28}},"16":{"start":{"line":35,"column":4},"end":{"line":35,"column":41}},"17":{"start":{"line":38,"column":2},"end":{"line":42,"column":4}}},"fnMap":{"0":{"name":"useAuth","decl":{"start":{"line":8,"column":9},"end":{"line":8,"column":16}},"loc":{"start":{"line":8,"column":19},"end":{"line":14,"column":1}},"line":8},"1":{"name":"AuthProvider","decl":{"start":{"line":17,"column":9},"end":{"line":17,"column":21}},"loc":{"start":{"line":17,"column":36},"end":{"line":43,"column":1}},"line":17},"2":{"name":"(anonymous_2)","decl":{"start":{"line":21,"column":12},"end":{"line":21,"column":13}},"loc":{"start":{"line":21,"column":18},"end":{"line":26,"column":3}},"line":21},"3":{"name":"(anonymous_3)","decl":{"start":{"line":28,"column":28},"end":{"line":28,"column":29}},"loc":{"start":{"line":28,"column":34},"end":{"line":31,"column":3}},"line":28},"4":{"name":"(anonymous_4)","decl":{"start":{"line":33,"column":29},"end":{"line":33,"column":30}},"loc":{"start":{"line":33,"column":35},"end":{"line":36,"column":3}},"line":33}},"branchMap":{"0":{"loc":{"start":{"line":10,"column":2},"end":{"line":12,"column":3}},"type":"if","locations":[{"start":{"line":10,"column":2},"end":{"line":12,"column":3}},{"start":{"line":10,"column":2},"end":{"line":12,"column":3}}],"line":10}},"s":{"0":5,"1":12,"2":12,"3":0,"4":12,"5":12,"6":12,"7":12,"8":6,"9":6,"10":6,"11":12,"12":0,"13":0,"14":12,"15":0,"16":0,"17":12},"f":{"0":12,"1":12,"2":6,"3":0,"4":0},"b":{"0":[0,12]},"_coverageSchema":"43e27e138ebf9cfc5966b082cf9a028302ed4184","hash":"b86e047422d93c20e25286cc70534aea6cdf6830"}
,"/Users/jesus.martinez/Documents/react_apprenticeship/react-apprenticeship-capstone1/src/providers/Auth/index.js": {"path":"/Users/jesus.martinez/Documents/react_apprenticeship/react-apprenticeship-capstone1/src/providers/Auth/index.js","statementMap":{},"fnMap":{},"branchMap":{},"s":{},"f":{},"b":{},"_coverageSchema":"43e27e138ebf9cfc5966b082cf9a028302ed4184","hash":"a54329c3799b3ae8e949ee02768d3b917b358e06"}
,"/Users/jesus.martinez/Documents/react_apprenticeship/react-apprenticeship-capstone1/src/state/UserContext.jsx": {"path":"/Users/jesus.martinez/Documents/react_apprenticeship/react-apprenticeship-capstone1/src/state/UserContext.jsx","statementMap":{"0":{"start":{"line":3,"column":20},"end":{"line":9,"column":2}}},"fnMap":{"0":{"name":"(anonymous_0)","decl":{"start":{"line":7,"column":12},"end":{"line":7,"column":13}},"loc":{"start":{"line":7,"column":18},"end":{"line":7,"column":20}},"line":7},"1":{"name":"(anonymous_1)","decl":{"start":{"line":8,"column":13},"end":{"line":8,"column":14}},"loc":{"start":{"line":8,"column":19},"end":{"line":8,"column":21}},"line":8}},"branchMap":{},"s":{"0":5},"f":{"0":0,"1":0},"b":{},"_coverageSchema":"43e27e138ebf9cfc5966b082cf9a028302ed4184","hash":"a2b6ac21a471048a70ec517959acebccc247fa15"}
,"/Users/jesus.martinez/Documents/react_apprenticeship/react-apprenticeship-capstone1/src/utils/constants.js": {"path":"/Users/jesus.martinez/Documents/react_apprenticeship/react-apprenticeship-capstone1/src/utils/constants.js","statementMap":{"0":{"start":{"line":1,"column":25},"end":{"line":1,"column":48}}},"fnMap":{},"branchMap":{},"s":{"0":5},"f":{},"b":{},"_coverageSchema":"43e27e138ebf9cfc5966b082cf9a028302ed4184","hash":"7b267f3eda56ae1398a4ef2385b9ee067445a999"}
,"/Users/jesus.martinez/Documents/react_apprenticeship/react-apprenticeship-capstone1/src/utils/fns.js": {"path":"/Users/jesus.martinez/Documents/react_apprenticeship/react-apprenticeship-capstone1/src/utils/fns.js","statementMap":{"0":{"start":{"line":2,"column":2},"end":{"line":2,"column":43}}},"fnMap":{"0":{"name":"random","decl":{"start":{"line":1,"column":9},"end":{"line":1,"column":15}},"loc":{"start":{"line":1,"column":23},"end":{"line":3,"column":1}},"line":1}},"branchMap":{},"s":{"0":0},"f":{"0":0},"b":{},"hash":"a8a23f33efeb74b1afc29b57dbf1a2b5c8a6c2db"}
,"/Users/jesus.martinez/Documents/react_apprenticeship/react-apprenticeship-capstone1/src/utils/storage.js": {"path":"/Users/jesus.martinez/Documents/react_apprenticeship/react-apprenticeship-capstone1/src/utils/storage.js","statementMap":{"0":{"start":{"line":1,"column":16},"end":{"line":15,"column":1}},"1":{"start":{"line":3,"column":4},"end":{"line":9,"column":5}},"2":{"start":{"line":4,"column":23},"end":{"line":4,"column":55}},"3":{"start":{"line":5,"column":6},"end":{"line":5,"column":34}},"4":{"start":{"line":7,"column":6},"end":{"line":7,"column":60}},"5":{"start":{"line":8,"column":6},"end":{"line":8,"column":18}},"6":{"start":{"line":13,"column":4},"end":{"line":13,"column":60}}},"fnMap":{"0":{"name":"(anonymous_0)","decl":{"start":{"line":2,"column":2},"end":{"line":2,"column":3}},"loc":{"start":{"line":2,"column":11},"end":{"line":10,"column":3}},"line":2},"1":{"name":"(anonymous_1)","decl":{"start":{"line":12,"column":2},"end":{"line":12,"column":3}},"loc":{"start":{"line":12,"column":18},"end":{"line":14,"column":3}},"line":12}},"branchMap":{},"s":{"0":5,"1":18,"2":18,"3":18,"4":0,"5":0,"6":0},"f":{"0":18,"1":0},"b":{},"_coverageSchema":"43e27e138ebf9cfc5966b082cf9a028302ed4184","hash":"d612b59c6527bad3d6875c4253b9007f8d0051e2"}
,"/Users/jesus.martinez/Documents/react_apprenticeship/react-apprenticeship-capstone1/src/utils/hooks/useYoutubeApi.js": {"path":"/Users/jesus.martinez/Documents/react_apprenticeship/react-apprenticeship-capstone1/src/utils/hooks/useYoutubeApi.js","statementMap":{"0":{"start":{"line":5,"column":22},"end":{"line":34,"column":1}},"1":{"start":{"line":6,"column":34},"end":{"line":6,"column":48}},"2":{"start":{"line":7,"column":28},"end":{"line":7,"column":40}},"3":{"start":{"line":9,"column":2},"end":{"line":31,"column":22}},"4":{"start":{"line":10,"column":4},"end":{"line":30,"column":9}},"5":{"start":{"line":23,"column":8},"end":{"line":23,"column":58}},"6":{"start":{"line":24,"column":8},"end":{"line":24,"column":30}},"7":{"start":{"line":28,"column":8},"end":{"line":28,"column":56}},"8":{"start":{"line":29,"column":8},"end":{"line":29,"column":24}},"9":{"start":{"line":33,"column":2},"end":{"line":33,"column":29}}},"fnMap":{"0":{"name":"(anonymous_0)","decl":{"start":{"line":5,"column":22},"end":{"line":5,"column":23}},"loc":{"start":{"line":5,"column":39},"end":{"line":34,"column":1}},"line":5},"1":{"name":"(anonymous_1)","decl":{"start":{"line":9,"column":12},"end":{"line":9,"column":13}},"loc":{"start":{"line":9,"column":18},"end":{"line":31,"column":3}},"line":9},"2":{"name":"(anonymous_2)","decl":{"start":{"line":21,"column":12},"end":{"line":21,"column":13}},"loc":{"start":{"line":21,"column":32},"end":{"line":25,"column":7}},"line":21},"3":{"name":"(anonymous_3)","decl":{"start":{"line":26,"column":13},"end":{"line":26,"column":14}},"loc":{"start":{"line":26,"column":30},"end":{"line":30,"column":7}},"line":26}},"branchMap":{"0":{"loc":{"start":{"line":14,"column":22},"end":{"line":14,"column":44}},"type":"binary-expr","locations":[{"start":{"line":14,"column":22},"end":{"line":14,"column":39}},{"start":{"line":14,"column":43},"end":{"line":14,"column":44}}],"line":14},"1":{"loc":{"start":{"line":15,"column":16},"end":{"line":15,"column":40}},"type":"binary-expr","locations":[{"start":{"line":15,"column":16},"end":{"line":15,"column":27}},{"start":{"line":15,"column":31},"end":{"line":15,"column":40}}],"line":15},"2":{"loc":{"start":{"line":16,"column":16},"end":{"line":16,"column":38}},"type":"binary-expr","locations":[{"start":{"line":16,"column":16},"end":{"line":16,"column":27}},{"start":{"line":16,"column":31},"end":{"line":16,"column":38}}],"line":16},"3":{"loc":{"start":{"line":17,"column":13},"end":{"line":17,"column":29}},"type":"binary-expr","locations":[{"start":{"line":17,"column":13},"end":{"line":17,"column":21}},{"start":{"line":17,"column":25},"end":{"line":17,"column":29}}],"line":17},"4":{"loc":{"start":{"line":18,"column":14},"end":{"line":18,"column":31}},"type":"binary-expr","locations":[{"start":{"line":18,"column":14},"end":{"line":18,"column":23}},{"start":{"line":18,"column":27},"end":{"line":18,"column":31}}],"line":18}},"s":{"0":3,"1":6,"2":6,"3":6,"4":3,"5":2,"6":2,"7":0,"8":0,"9":6},"f":{"0":6,"1":3,"2":2,"3":0},"b":{"0":[3,2],"1":[3,0],"2":[3,2],"3":[3,2],"4":[3,3]},"_coverageSchema":"43e27e138ebf9cfc5966b082cf9a028302ed4184","hash":"17da7269252ba8f5d6d070f1f65804eef6ea3a31"}
}
