{
  "/Users/jesus.martinez/Documents/react_apprenticeship/react-apprenticeship-capstone1/src/components/App/App.component.jsx": {
    "path": "/Users/jesus.martinez/Documents/react_apprenticeship/react-apprenticeship-capstone1/src/components/App/App.component.jsx",
    "statementMap": {
      "0": {
        "start": { "line": 17, "column": 2 },
        "end": { "line": 33, "column": 9 }
      },
      "1": {
        "start": { "line": 35, "column": 2 },
        "end": { "line": 57, "column": 4 }
      }
    },
    "fnMap": {
      "0": {
        "name": "App",
        "decl": {
          "start": { "line": 16, "column": 9 },
          "end": { "line": 16, "column": 12 }
        },
        "loc": {
          "start": { "line": 16, "column": 15 },
          "end": { "line": 58, "column": 1 }
        },
        "line": 16
      },
      "1": {
        "name": "(anonymous_1)",
        "decl": {
          "start": { "line": 17, "column": 18 },
          "end": { "line": 17, "column": 19 }
        },
        "loc": {
          "start": { "line": 17, "column": 24 },
          "end": { "line": 33, "column": 3 }
        },
        "line": 17
      }
    },
    "branchMap": {},
    "s": { "0": 1, "1": 1 },
    "f": { "0": 1, "1": 1 },
    "b": {},
    "_coverageSchema": "43e27e138ebf9cfc5966b082cf9a028302ed4184",
    "hash": "036f2c010558770711910a28c0d0ae933fc55425"
  },
  "/Users/jesus.martinez/Documents/react_apprenticeship/react-apprenticeship-capstone1/src/components/Fortune/Fortune.component.jsx": {
    "path": "/Users/jesus.martinez/Documents/react_apprenticeship/react-apprenticeship-capstone1/src/components/Fortune/Fortune.component.jsx",
    "statementMap": {
      "0": {
        "start": { "line": 10, "column": 2 },
        "end": { "line": 10, "column": 21 }
      }
    },
    "fnMap": {
      "0": {
        "name": "Fortune",
        "decl": {
          "start": { "line": 6, "column": 9 },
          "end": { "line": 6, "column": 16 }
        },
        "loc": {
          "start": { "line": 6, "column": 19 },
          "end": { "line": 11, "column": 1 }
        },
        "line": 6
      }
    },
    "branchMap": {},
    "s": { "0": 1 },
    "f": { "0": 1 },
    "b": {},
    "_coverageSchema": "43e27e138ebf9cfc5966b082cf9a028302ed4184",
    "hash": "868c0866723cc78197a58dbd0cebce3df3d71409"
  },
  "/Users/jesus.martinez/Documents/react_apprenticeship/react-apprenticeship-capstone1/src/components/Layout/Layout.component.jsx": {
    "path": "/Users/jesus.martinez/Documents/react_apprenticeship/react-apprenticeship-capstone1/src/components/Layout/Layout.component.jsx",
    "statementMap": {
      "0": {
        "start": { "line": 12, "column": 2 },
        "end": { "line": 27, "column": 4 }
      }
    },
    "fnMap": {
      "0": {
        "name": "Layout",
        "decl": {
          "start": { "line": 11, "column": 9 },
          "end": { "line": 11, "column": 15 }
        },
        "loc": {
          "start": { "line": 11, "column": 30 },
          "end": { "line": 28, "column": 1 }
        },
        "line": 11
      }
    },
    "branchMap": {},
    "s": { "0": 1 },
    "f": { "0": 1 },
    "b": {},
    "_coverageSchema": "43e27e138ebf9cfc5966b082cf9a028302ed4184",
    "hash": "30e71e5801059c32e0b21dee45bdce3bd8571d02"
  },
  "/Users/jesus.martinez/Documents/react_apprenticeship/react-apprenticeship-capstone1/src/components/VideoCard/VideoCard.component.jsx": {
    "path": "/Users/jesus.martinez/Documents/react_apprenticeship/react-apprenticeship-capstone1/src/components/VideoCard/VideoCard.component.jsx",
    "statementMap": {
      "0": {
        "start": { "line": 5, "column": 11 },
        "end": { "line": 7, "column": 1 }
      },
      "1": {
        "start": { "line": 9, "column": 11 },
        "end": { "line": 27, "column": 1 }
      },
      "2": {
        "start": { "line": 29, "column": 13 },
        "end": { "line": 31, "column": 1 }
      },
      "3": {
        "start": { "line": 33, "column": 11 },
        "end": { "line": 54, "column": 1 }
      },
      "4": {
        "start": { "line": 58, "column": 2 },
        "end": { "line": 65, "column": 4 }
      }
    },
    "fnMap": {
      "0": {
        "name": "VideoCard",
        "decl": {
          "start": { "line": 56, "column": 9 },
          "end": { "line": 56, "column": 18 }
        },
        "loc": {
          "start": { "line": 56, "column": 26 },
          "end": { "line": 66, "column": 1 }
        },
        "line": 56
      }
    },
    "branchMap": {},
    "s": { "0": 3, "1": 3, "2": 3, "3": 3, "4": 2 },
    "f": { "0": 2 },
    "b": {},
    "_coverageSchema": "43e27e138ebf9cfc5966b082cf9a028302ed4184",
    "hash": "ae352c84698ad55137383784380fb1b778f9cf10"
  },
  "/Users/jesus.martinez/Documents/react_apprenticeship/react-apprenticeship-capstone1/src/components/VideoCard/index.js": {
    "path": "/Users/jesus.martinez/Documents/react_apprenticeship/react-apprenticeship-capstone1/src/components/VideoCard/index.js",
    "statementMap": {},
    "fnMap": {},
    "branchMap": {},
    "s": {},
    "f": {},
    "b": {},
    "_coverageSchema": "43e27e138ebf9cfc5966b082cf9a028302ed4184",
    "hash": "cf4c4b37dd6241d4505ee2ebd0338cebc5eef469"
  },
  "/Users/jesus.martinez/Documents/react_apprenticeship/react-apprenticeship-capstone1/src/pages/Home/Home.page.jsx": {
    "path": "/Users/jesus.martinez/Documents/react_apprenticeship/react-apprenticeship-capstone1/src/pages/Home/Home.page.jsx",
    "statementMap": {
      "0": {
        "start": { "line": 13, "column": 16 },
        "end": { "line": 13, "column": 32 }
      },
      "1": {
        "start": { "line": 14, "column": 18 },
        "end": { "line": 14, "column": 30 }
      },
      "2": {
        "start": { "line": 15, "column": 21 },
        "end": { "line": 15, "column": 33 }
      },
      "3": {
        "start": { "line": 16, "column": 36 },
        "end": { "line": 16, "column": 45 }
      },
      "4": {
        "start": { "line": 17, "column": 30 },
        "end": { "line": 17, "column": 44 }
      },
      "5": {
        "start": { "line": 19, "column": 15 },
        "end": { "line": 19, "column": 25 }
      },
      "6": {
        "start": { "line": 20, "column": 18 },
        "end": { "line": 20, "column": 90 }
      },
      "7": {
        "start": { "line": 21, "column": 14 },
        "end": { "line": 21, "column": 36 }
      },
      "8": {
        "start": { "line": 23, "column": 2 },
        "end": { "line": 36, "column": 9 }
      },
      "9": {
        "start": { "line": 25, "column": 4 },
        "end": { "line": 25, "column": 40 }
      },
      "10": {
        "start": { "line": 26, "column": 4 },
        "end": { "line": 35, "column": 7 }
      },
      "11": {
        "start": { "line": 29, "column": 6 },
        "end": { "line": 29, "column": 61 }
      },
      "12": {
        "start": { "line": 30, "column": 6 },
        "end": { "line": 30, "column": 37 }
      },
      "13": {
        "start": { "line": 34, "column": 6 },
        "end": { "line": 34, "column": 25 }
      },
      "14": {
        "start": { "line": 39, "column": 4 },
        "end": { "line": 39, "column": 27 }
      },
      "15": {
        "start": { "line": 40, "column": 4 },
        "end": { "line": 40, "column": 13 }
      },
      "16": {
        "start": { "line": 41, "column": 4 },
        "end": { "line": 41, "column": 22 }
      },
      "17": {
        "start": { "line": 44, "column": 2 },
        "end": { "line": 83, "column": 4 }
      },
      "18": {
        "start": { "line": 53, "column": 14 },
        "end": { "line": 59, "column": 20 }
      }
    },
    "fnMap": {
      "0": {
        "name": "HomePage",
        "decl": {
          "start": { "line": 12, "column": 9 },
          "end": { "line": 12, "column": 17 }
        },
        "loc": {
          "start": { "line": 12, "column": 20 },
          "end": { "line": 84, "column": 1 }
        },
        "line": 12
      },
      "1": {
        "name": "(anonymous_1)",
        "decl": {
          "start": { "line": 23, "column": 12 },
          "end": { "line": 23, "column": 13 }
        },
        "loc": {
          "start": { "line": 23, "column": 18 },
          "end": { "line": 36, "column": 3 }
        },
        "line": 23
      },
      "2": {
        "name": "(anonymous_2)",
        "decl": {
          "start": { "line": 27, "column": 10 },
          "end": { "line": 27, "column": 11 }
        },
        "loc": {
          "start": { "line": 27, "column": 30 },
          "end": { "line": 31, "column": 5 }
        },
        "line": 27
      },
      "3": {
        "name": "(anonymous_3)",
        "decl": {
          "start": { "line": 32, "column": 11 },
          "end": { "line": 32, "column": 12 }
        },
        "loc": {
          "start": { "line": 32, "column": 28 },
          "end": { "line": 35, "column": 5 }
        },
        "line": 32
      },
      "4": {
        "name": "deAuthenticate",
        "decl": {
          "start": { "line": 38, "column": 11 },
          "end": { "line": 38, "column": 25 }
        },
        "loc": {
          "start": { "line": 38, "column": 33 },
          "end": { "line": 42, "column": 3 }
        },
        "line": 38
      },
      "5": {
        "name": "(anonymous_5)",
        "decl": {
          "start": { "line": 52, "column": 24 },
          "end": { "line": 52, "column": 25 }
        },
        "loc": {
          "start": { "line": 53, "column": 14 },
          "end": { "line": 59, "column": 20 }
        },
        "line": 53
      }
    },
    "branchMap": {
      "0": {
        "loc": {
          "start": { "line": 50, "column": 9 },
          "end": { "line": 65, "column": 16 }
        },
        "type": "cond-expr",
        "locations": [
          {
            "start": { "line": 51, "column": 10 },
            "end": { "line": 61, "column": 16 }
          },
          {
            "start": { "line": 63, "column": 10 },
            "end": { "line": 65, "column": 16 }
          }
        ],
        "line": 50
      }
    },
    "s": {
      "0": 3,
      "1": 3,
      "2": 3,
      "3": 3,
      "4": 1,
      "5": 1,
      "6": 1,
      "7": 1,
      "8": 1,
      "9": 0,
      "10": 0,
      "11": 0,
      "12": 0,
      "13": 0,
      "14": 0,
      "15": 0,
      "16": 0,
      "17": 1,
      "18": 0
    },
    "f": { "0": 3, "1": 0, "2": 0, "3": 0, "4": 0, "5": 0 },
    "b": { "0": [0, 1] },
    "_coverageSchema": "43e27e138ebf9cfc5966b082cf9a028302ed4184",
    "hash": "15a9e91ebce37286134db11169f6bb5958152369"
  }
}
