TN:
SF:/Users/jesus.martinez/Documents/react_apprenticeship/react-apprenticeship-capstone1/src/components/App/App.component.jsx
FN:16,App
FN:17,(anonymous_1)
FNF:2
FNH:2
FNDA:1,App
FNDA:1,(anonymous_1)
DA:17,1
DA:35,1
LF:2
LH:2
BRF:0
BRH:0
end_of_record
TN:
SF:/Users/jesus.martinez/Documents/react_apprenticeship/react-apprenticeship-capstone1/src/components/Fortune/Fortune.component.jsx
FN:6,Fortune
FNF:1
FNH:1
FNDA:1,Fortune
DA:10,1
LF:1
LH:1
BRF:0
BRH:0
end_of_record
TN:
SF:/Users/jesus.martinez/Documents/react_apprenticeship/react-apprenticeship-capstone1/src/components/Layout/Layout.component.jsx
FN:11,Layout
FNF:1
FNH:1
FNDA:1,Layout
DA:12,1
LF:1
LH:1
BRF:0
BRH:0
end_of_record
TN:
SF:/Users/jesus.martinez/Documents/react_apprenticeship/react-apprenticeship-capstone1/src/components/VideoCard/VideoCard.component.jsx
FN:56,VideoCard
FNF:1
FNH:1
FNDA:2,VideoCard
DA:5,3
DA:9,3
DA:29,3
DA:33,3
DA:58,2
LF:5
LH:5
BRF:0
BRH:0
end_of_record
TN:
SF:/Users/jesus.martinez/Documents/react_apprenticeship/react-apprenticeship-capstone1/src/components/VideoCard/index.js
FNF:0
FNH:0
LF:0
LH:0
BRF:0
BRH:0
end_of_record
TN:
SF:/Users/jesus.martinez/Documents/react_apprenticeship/react-apprenticeship-capstone1/src/pages/Home/Home.page.jsx
FN:12,HomePage
FN:23,(anonymous_1)
FN:27,(anonymous_2)
FN:32,(anonymous_3)
FN:38,deAuthenticate
FN:52,(anonymous_5)
FNF:6
FNH:1
FNDA:3,HomePage
FNDA:0,(anonymous_1)
FNDA:0,(anonymous_2)
FNDA:0,(anonymous_3)
FNDA:0,deAuthenticate
FNDA:0,(anonymous_5)
DA:13,3
DA:14,3
DA:15,3
DA:16,3
DA:17,1
DA:19,1
DA:20,1
DA:21,1
DA:23,1
DA:25,0
DA:26,0
DA:29,0
DA:30,0
DA:34,0
DA:39,0
DA:40,0
DA:41,0
DA:44,1
DA:53,0
LF:19
LH:10
BRDA:50,0,0,0
BRDA:50,0,1,1
BRF:2
BRH:1
end_of_record
