TN:
SF:/Users/jesus.martinez/Documents/react_apprenticeship/react-apprenticeship-capstone1/src/index.js
FNF:0
FNH:0
DA:7,0
LF:1
LH:0
BRF:0
BRH:0
end_of_record
TN:
SF:/Users/jesus.martinez/Documents/react_apprenticeship/react-apprenticeship-capstone1/src/components/App/App.component.jsx
FN:19,App
FN:20,(anonymous_1)
FNF:2
FNH:2
FNDA:1,App
FNDA:1,(anonymous_1)
DA:20,1
DA:38,1
DA:39,1
DA:40,1
DA:42,1
LF:5
LH:5
BRF:0
BRH:0
end_of_record
TN:
SF:/Users/jesus.martinez/Documents/react_apprenticeship/react-apprenticeship-capstone1/src/components/App/index.js
FNF:0
FNH:0
LF:0
LH:0
BRF:0
BRH:0
end_of_record
TN:
SF:/Users/jesus.martinez/Documents/react_apprenticeship/react-apprenticeship-capstone1/src/components/Fortune/Fortune.component.jsx
FN:6,Fortune
FNF:1
FNH:1
FNDA:1,Fortune
DA:10,1
LF:1
LH:1
BRF:0
BRH:0
end_of_record
TN:
SF:/Users/jesus.martinez/Documents/react_apprenticeship/react-apprenticeship-capstone1/src/components/Fortune/index.js
FNF:0
FNH:0
LF:0
LH:0
BRF:0
BRH:0
end_of_record
TN:
SF:/Users/jesus.martinez/Documents/react_apprenticeship/react-apprenticeship-capstone1/src/components/Layout/Layout.component.jsx
FN:18,Layout
FN:25,handleSearchSubmit
FN:42,(anonymous_2)
FN:78,(anonymous_3)
FN:94,(anonymous_4)
FN:98,(anonymous_5)
FN:115,(anonymous_6)
FN:125,(anonymous_7)
FNF:8
FNH:1
FNDA:6,Layout
FNDA:0,handleSearchSubmit
FNDA:0,(anonymous_2)
FNDA:0,(anonymous_3)
FNDA:0,(anonymous_4)
FNDA:0,(anonymous_5)
FNDA:0,(anonymous_6)
FNDA:0,(anonymous_7)
DA:19,6
DA:20,6
DA:21,6
DA:22,6
DA:23,6
DA:26,0
DA:28,0
DA:31,6
DA:42,0
DA:78,0
DA:94,0
DA:98,0
DA:115,0
DA:125,0
LF:14
LH:6
BRDA:34,0,0,0
BRDA:34,0,1,6
BRDA:36,1,0,6
BRDA:36,1,1,0
BRDA:41,2,0,6
BRDA:41,2,1,0
BRDA:50,3,0,6
BRDA:50,3,1,0
BRDA:76,4,0,6
BRDA:76,4,1,0
BRDA:93,5,0,0
BRDA:93,5,1,6
BRDA:108,6,0,0
BRDA:108,6,1,6
BRDA:109,7,0,0
BRDA:109,7,1,0
BRDA:120,8,0,0
BRDA:120,8,1,0
BRDA:147,9,0,6
BRDA:147,9,1,0
BRF:20
BRH:8
end_of_record
TN:
SF:/Users/jesus.martinez/Documents/react_apprenticeship/react-apprenticeship-capstone1/src/components/Layout/index.js
FNF:0
FNH:0
LF:0
LH:0
BRF:0
BRH:0
end_of_record
TN:
SF:/Users/jesus.martinez/Documents/react_apprenticeship/react-apprenticeship-capstone1/src/components/PrivateRoute/PrivateRoute.jsx
FN:5,(anonymous_0)
FN:12,(anonymous_1)
FNF:2
FNH:2
FNDA:2,(anonymous_0)
FNDA:2,(anonymous_1)
DA:5,2
DA:6,2
DA:7,2
DA:13,2
LF:4
LH:4
BRDA:13,0,0,0
BRDA:13,0,1,2
BRF:2
BRH:1
end_of_record
TN:
SF:/Users/jesus.martinez/Documents/react_apprenticeship/react-apprenticeship-capstone1/src/components/PrivateRoute/index.js
FNF:0
FNH:0
LF:0
LH:0
BRF:0
BRH:0
end_of_record
TN:
SF:/Users/jesus.martinez/Documents/react_apprenticeship/react-apprenticeship-capstone1/src/components/VideoCard/VideoCard.component.jsx
FN:7,(anonymous_0)
FN:57,(anonymous_1)
FN:67,VideoCard
FNF:3
FNH:3
FNDA:2,(anonymous_0)
FNDA:2,(anonymous_1)
FNDA:2,VideoCard
DA:5,4
DA:8,2
DA:14,4
DA:34,4
DA:36,4
DA:58,2
DA:68,2
LF:7
LH:7
BRDA:8,0,0,2
BRDA:8,0,1,2
BRDA:58,1,0,2
BRDA:58,1,1,0
BRDA:83,2,0,2
BRDA:83,2,1,0
BRF:6
BRH:4
end_of_record
TN:
SF:/Users/jesus.martinez/Documents/react_apprenticeship/react-apprenticeship-capstone1/src/components/VideoCard/index.js
FNF:0
FNH:0
LF:0
LH:0
BRF:0
BRH:0
end_of_record
TN:
SF:/Users/jesus.martinez/Documents/react_apprenticeship/react-apprenticeship-capstone1/src/pages/Favourites/Favourites.page.jsx
FN:13,FavouritesPage
FN:36,(anonymous_1)
FN:58,(anonymous_2)
FN:72,(anonymous_3)
FNF:4
FNH:2
FNDA:4,FavouritesPage
FNDA:4,(anonymous_1)
FNDA:0,(anonymous_2)
FNDA:0,(anonymous_3)
DA:14,4
DA:15,4
DA:16,4
DA:17,4
DA:20,4
DA:23,4
DA:30,4
DA:34,4
DA:36,4
DA:37,4
DA:38,0
DA:42,4
DA:59,0
DA:73,0
LF:14
LH:11
BRDA:20,0,0,0
BRDA:20,0,1,4
BRDA:37,1,0,0
BRDA:37,1,1,4
BRDA:51,2,0,4
BRDA:51,2,1,0
BRDA:56,3,0,0
BRDA:56,3,1,4
BRDA:83,4,0,4
BRDA:83,4,1,0
BRF:10
BRH:5
end_of_record
TN:
SF:/Users/jesus.martinez/Documents/react_apprenticeship/react-apprenticeship-capstone1/src/pages/Favourites/index.js
FNF:0
FNH:0
LF:0
LH:0
BRF:0
BRH:0
end_of_record
TN:
SF:/Users/jesus.martinez/Documents/react_apprenticeship/react-apprenticeship-capstone1/src/pages/Home/Home.page.jsx
FN:13,HomePage
FN:44,(anonymous_1)
FN:80,(anonymous_2)
FN:94,(anonymous_3)
FNF:4
FNH:2
FNDA:2,HomePage
FNDA:1,(anonymous_1)
FNDA:0,(anonymous_2)
FNDA:0,(anonymous_3)
DA:14,2
DA:15,2
DA:17,2
DA:19,2
DA:20,2
DA:29,2
DA:32,2
DA:38,2
DA:42,2
DA:44,2
DA:45,1
DA:46,0
DA:62,2
DA:81,0
DA:94,0
LF:15
LH:12
BRDA:45,0,0,0
BRDA:45,0,1,1
BRDA:72,1,0,2
BRDA:72,1,1,0
BRDA:78,2,0,0
BRDA:78,2,1,2
BRDA:105,3,0,2
BRDA:105,3,1,0
BRF:8
BRH:4
end_of_record
TN:
SF:/Users/jesus.martinez/Documents/react_apprenticeship/react-apprenticeship-capstone1/src/pages/Home/index.js
FNF:0
FNH:0
LF:0
LH:0
BRF:0
BRH:0
end_of_record
TN:
SF:/Users/jesus.martinez/Documents/react_apprenticeship/react-apprenticeship-capstone1/src/pages/Login/Login.page.jsx
FN:9,LoginPage
FN:15,authenticate
FN:18,(anonymous_2)
FN:24,(anonymous_3)
FNF:4
FNH:1
FNDA:4,LoginPage
FNDA:0,authenticate
FNDA:0,(anonymous_2)
FNDA:0,(anonymous_3)
DA:10,4
DA:11,4
DA:12,4
DA:13,4
DA:16,0
DA:17,0
DA:20,0
DA:21,0
DA:22,0
DA:26,0
DA:27,0
DA:33,4
LF:12
LH:5
BRDA:35,0,0,4
BRDA:35,0,1,0
BRDA:49,1,0,0
BRDA:49,1,1,4
BRF:4
BRH:2
end_of_record
TN:
SF:/Users/jesus.martinez/Documents/react_apprenticeship/react-apprenticeship-capstone1/src/pages/Login/index.js
FNF:0
FNH:0
LF:0
LH:0
BRF:0
BRH:0
end_of_record
TN:
SF:/Users/jesus.martinez/Documents/react_apprenticeship/react-apprenticeship-capstone1/src/pages/Login/login.api.js
FN:8,loginApi
FN:9,(anonymous_1)
FN:10,(anonymous_2)
FNF:3
FNH:0
FNDA:0,loginApi
FNDA:0,(anonymous_1)
FNDA:0,(anonymous_2)
DA:1,2
DA:9,0
DA:10,0
DA:11,0
DA:12,0
DA:14,0
LF:6
LH:1
BRDA:11,0,0,0
BRDA:11,0,1,0
BRDA:11,1,0,0
BRDA:11,1,1,0
BRF:4
BRH:0
end_of_record
TN:
SF:/Users/jesus.martinez/Documents/react_apprenticeship/react-apprenticeship-capstone1/src/pages/NotFound/NotFound.page.jsx
FN:6,NotFoundPage
FNF:1
FNH:0
FNDA:0,NotFoundPage
DA:7,0
LF:1
LH:0
BRF:0
BRH:0
end_of_record
TN:
SF:/Users/jesus.martinez/Documents/react_apprenticeship/react-apprenticeship-capstone1/src/pages/NotFound/index.js
FNF:0
FNH:0
LF:0
LH:0
BRF:0
BRH:0
end_of_record
TN:
SF:/Users/jesus.martinez/Documents/react_apprenticeship/react-apprenticeship-capstone1/src/pages/WatchFavourite/WatchFavourite.page.jsx
FN:41,WatchFavouritePage
FN:50,(anonymous_1)
FN:62,(anonymous_2)
FN:81,(anonymous_3)
FN:86,(anonymous_4)
FN:91,(anonymous_5)
FN:128,(anonymous_6)
FN:136,(anonymous_7)
FNF:8
FNH:0
FNDA:0,WatchFavouritePage
FNDA:0,(anonymous_1)
FNDA:0,(anonymous_2)
FNDA:0,(anonymous_3)
FNDA:0,(anonymous_4)
FNDA:0,(anonymous_5)
FNDA:0,(anonymous_6)
FNDA:0,(anonymous_7)
DA:12,1
DA:30,1
DA:36,1
DA:42,0
DA:43,0
DA:44,0
DA:45,0
DA:46,0
DA:47,0
DA:48,0
DA:50,0
DA:51,0
DA:53,0
DA:54,0
DA:63,0
DA:64,0
DA:65,0
DA:67,0
DA:68,0
DA:69,0
DA:71,0
DA:73,0
DA:83,0
DA:84,0
DA:88,0
DA:93,0
DA:96,0
DA:97,0
DA:100,0
DA:129,0
DA:130,0
DA:137,0
LF:32
LH:3
BRDA:51,0,0,0
BRDA:51,0,1,0
BRDA:122,1,0,0
BRDA:122,1,1,0
BRDA:127,2,0,0
BRDA:127,2,1,0
BRDA:129,3,0,0
BRDA:129,3,1,0
BRDA:151,4,0,0
BRDA:151,4,1,0
BRDA:155,5,0,0
BRDA:155,5,1,0
BRDA:162,6,0,0
BRDA:162,6,1,0
BRDA:169,7,0,0
BRDA:169,7,1,0
BRF:16
BRH:0
end_of_record
TN:
SF:/Users/jesus.martinez/Documents/react_apprenticeship/react-apprenticeship-capstone1/src/pages/WatchFavourite/index.js
FNF:0
FNH:0
LF:0
LH:0
BRF:0
BRH:0
end_of_record
TN:
SF:/Users/jesus.martinez/Documents/react_apprenticeship/react-apprenticeship-capstone1/src/pages/WatchVideo/WatchVideo.page.jsx
FN:43,isAlreadyFav
FN:63,WatchVideoPage
FN:74,(anonymous_2)
FN:92,(anonymous_3)
FN:107,(anonymous_4)
FN:112,(anonymous_5)
FN:117,(anonymous_6)
FN:126,setFavourite
FN:148,removeFavourite
FN:187,(anonymous_9)
FN:195,(anonymous_10)
FN:217,(anonymous_11)
FN:224,(anonymous_12)
FNF:13
FNH:0
FNDA:0,isAlreadyFav
FNDA:0,WatchVideoPage
FNDA:0,(anonymous_2)
FNDA:0,(anonymous_3)
FNDA:0,(anonymous_4)
FNDA:0,(anonymous_5)
FNDA:0,(anonymous_6)
FNDA:0,setFavourite
FNDA:0,removeFavourite
FNDA:0,(anonymous_9)
FNDA:0,(anonymous_10)
FNDA:0,(anonymous_11)
FNDA:0,(anonymous_12)
DA:14,1
DA:32,1
DA:38,1
DA:44,0
DA:46,0
DA:48,0
DA:50,0
DA:52,0
DA:55,0
DA:59,0
DA:64,0
DA:65,0
DA:66,0
DA:67,0
DA:68,0
DA:69,0
DA:70,0
DA:71,0
DA:72,0
DA:74,0
DA:75,0
DA:76,0
DA:78,0
DA:80,0
DA:83,0
DA:84,0
DA:93,0
DA:94,0
DA:95,0
DA:97,0
DA:109,0
DA:110,0
DA:114,0
DA:119,0
DA:122,0
DA:123,0
DA:127,0
DA:128,0
DA:130,0
DA:131,0
DA:132,0
DA:133,0
DA:134,0
DA:135,0
DA:136,0
DA:137,0
DA:138,0
DA:139,0
DA:140,0
DA:141,0
DA:142,0
DA:145,0
DA:149,0
DA:150,0
DA:151,0
DA:152,0
DA:153,0
DA:155,0
DA:156,0
DA:159,0
DA:188,0
DA:189,0
DA:196,0
DA:217,0
DA:224,0
LF:65
LH:3
BRDA:46,0,0,0
BRDA:46,0,1,0
BRDA:50,1,0,0
BRDA:50,1,1,0
BRDA:75,2,0,0
BRDA:75,2,1,0
BRDA:76,3,0,0
BRDA:76,3,1,0
BRDA:78,4,0,0
BRDA:78,4,1,0
BRDA:130,5,0,0
BRDA:130,5,1,0
BRDA:132,6,0,0
BRDA:132,6,1,0
BRDA:137,7,0,0
BRDA:137,7,1,0
BRDA:181,8,0,0
BRDA:181,8,1,0
BRDA:186,9,0,0
BRDA:186,9,1,0
BRDA:188,10,0,0
BRDA:188,10,1,0
BRDA:212,11,0,0
BRDA:212,11,1,0
BRDA:214,12,0,0
BRDA:214,12,1,0
BRDA:233,13,0,0
BRDA:233,13,1,0
BRDA:237,14,0,0
BRDA:237,14,1,0
BRDA:244,15,0,0
BRDA:244,15,1,0
BRDA:251,16,0,0
BRDA:251,16,1,0
BRF:34
BRH:0
end_of_record
TN:
SF:/Users/jesus.martinez/Documents/react_apprenticeship/react-apprenticeship-capstone1/src/pages/WatchVideo/index.js
FNF:0
FNH:0
LF:0
LH:0
BRF:0
BRH:0
end_of_record
TN:
SF:/Users/jesus.martinez/Documents/react_apprenticeship/react-apprenticeship-capstone1/src/providers/Auth/Auth.provider.jsx
FN:8,useAuth
FN:17,AuthProvider
FN:21,(anonymous_2)
FN:28,(anonymous_3)
FN:33,(anonymous_4)
FNF:5
FNH:3
FNDA:12,useAuth
FNDA:12,AuthProvider
FNDA:6,(anonymous_2)
FNDA:0,(anonymous_3)
FNDA:0,(anonymous_4)
DA:6,5
DA:9,12
DA:10,12
DA:11,0
DA:13,12
DA:18,12
DA:19,12
DA:21,12
DA:22,6
DA:23,6
DA:25,6
DA:28,12
DA:29,0
DA:30,0
DA:33,12
DA:34,0
DA:35,0
DA:38,12
LF:18
LH:13
BRDA:10,0,0,0
BRDA:10,0,1,12
BRF:2
BRH:1
end_of_record
TN:
SF:/Users/jesus.martinez/Documents/react_apprenticeship/react-apprenticeship-capstone1/src/providers/Auth/index.js
FNF:0
FNH:0
LF:0
LH:0
BRF:0
BRH:0
end_of_record
TN:
SF:/Users/jesus.martinez/Documents/react_apprenticeship/react-apprenticeship-capstone1/src/state/UserContext.jsx
FN:7,(anonymous_0)
FN:8,(anonymous_1)
FNF:2
FNH:0
FNDA:0,(anonymous_0)
FNDA:0,(anonymous_1)
DA:3,5
LF:1
LH:1
BRF:0
BRH:0
end_of_record
TN:
SF:/Users/jesus.martinez/Documents/react_apprenticeship/react-apprenticeship-capstone1/src/utils/constants.js
FNF:0
FNH:0
DA:1,5
LF:1
LH:1
BRF:0
BRH:0
end_of_record
TN:
SF:/Users/jesus.martinez/Documents/react_apprenticeship/react-apprenticeship-capstone1/src/utils/fns.js
FN:1,random
FNF:1
FNH:0
FNDA:0,random
DA:2,0
LF:1
LH:0
BRF:0
BRH:0
end_of_record
TN:
SF:/Users/jesus.martinez/Documents/react_apprenticeship/react-apprenticeship-capstone1/src/utils/storage.js
FN:2,(anonymous_0)
FN:12,(anonymous_1)
FNF:2
FNH:1
FNDA:18,(anonymous_0)
FNDA:0,(anonymous_1)
DA:1,5
DA:3,18
DA:4,18
DA:5,18
DA:7,0
DA:8,0
DA:13,0
LF:7
LH:4
BRF:0
BRH:0
end_of_record
TN:
SF:/Users/jesus.martinez/Documents/react_apprenticeship/react-apprenticeship-capstone1/src/utils/hooks/useYoutubeApi.js
FN:5,(anonymous_0)
FN:9,(anonymous_1)
FN:21,(anonymous_2)
FN:26,(anonymous_3)
FNF:4
FNH:3
FNDA:6,(anonymous_0)
FNDA:3,(anonymous_1)
FNDA:2,(anonymous_2)
FNDA:0,(anonymous_3)
DA:5,3
DA:6,6
DA:7,6
DA:9,6
DA:10,3
DA:23,2
DA:24,2
DA:28,0
DA:29,0
DA:33,6
LF:10
LH:8
BRDA:14,0,0,3
BRDA:14,0,1,2
BRDA:15,1,0,3
BRDA:15,1,1,0
BRDA:16,2,0,3
BRDA:16,2,1,2
BRDA:17,3,0,3
BRDA:17,3,1,2
BRDA:18,4,0,3
BRDA:18,4,1,3
BRF:10
BRH:9
end_of_record
